CRITICAL - 2023-12-16 11:12:11 --> Invalid file: "teacher/content/body.php"
in SYSTEMPATH\Exceptions\FrameworkException.php on line 39.
 1 SYSTEMPATH\View\View.php(214): CodeIgniter\Exceptions\FrameworkException::forInvalidFile('teacher/content/body.php')
 2 SYSTEMPATH\Common.php(1188): CodeIgniter\View\View->render('teacher/content/body', [], true)
 3 APPPATH\Controllers\TeacherController.php(67): view('teacher/content/body')
 4 SYSTEMPATH\CodeIgniter.php(919): App\Controllers\TeacherController->teacher()
 5 SYSTEMPATH\CodeIgniter.php(494): CodeIgniter\CodeIgniter->runController(Object(App\Controllers\TeacherController))
 6 SYSTEMPATH\CodeIgniter.php(353): CodeIgniter\CodeIgniter->handleRequest(null, Object(Config\Cache), false)
 7 FCPATH\index.php(79): CodeIgniter\CodeIgniter->run()
 8 SYSTEMPATH\Commands\Server\rewrite.php(47): require_once('C:\\laragon\\www\\PGA\\public\\index.php')
CRITICAL - 2023-12-16 11:12:55 --> Invalid file: "teacher/content/body.php"
in SYSTEMPATH\Exceptions\FrameworkException.php on line 39.
 1 SYSTEMPATH\View\View.php(214): CodeIgniter\Exceptions\FrameworkException::forInvalidFile('teacher/content/body.php')
 2 SYSTEMPATH\Common.php(1188): CodeIgniter\View\View->render('teacher/content/body', [], true)
 3 APPPATH\Controllers\TeacherController.php(67): view('teacher/content/body')
 4 SYSTEMPATH\CodeIgniter.php(919): App\Controllers\TeacherController->teacher()
 5 SYSTEMPATH\CodeIgniter.php(494): CodeIgniter\CodeIgniter->runController(Object(App\Controllers\TeacherController))
 6 SYSTEMPATH\CodeIgniter.php(353): CodeIgniter\CodeIgniter->handleRequest(null, Object(Config\Cache), false)
 7 FCPATH\index.php(79): CodeIgniter\CodeIgniter->run()
 8 SYSTEMPATH\Commands\Server\rewrite.php(47): require_once('C:\\laragon\\www\\PGA\\public\\index.php')
CRITICAL - 2023-12-16 11:26:39 --> Invalid file: "/addTeacher.php"
in SYSTEMPATH\Exceptions\FrameworkException.php on line 39.
 1 SYSTEMPATH\View\View.php(214): CodeIgniter\Exceptions\FrameworkException::forInvalidFile('/addTeacher.php')
 2 SYSTEMPATH\Common.php(1188): CodeIgniter\View\View->render('/addTeacher', [], true)
 3 APPPATH\Controllers\TeacherController.php(39): view('/addTeacher')
 4 SYSTEMPATH\CodeIgniter.php(919): App\Controllers\TeacherController->save()
 5 SYSTEMPATH\CodeIgniter.php(494): CodeIgniter\CodeIgniter->runController(Object(App\Controllers\TeacherController))
 6 SYSTEMPATH\CodeIgniter.php(353): CodeIgniter\CodeIgniter->handleRequest(null, Object(Config\Cache), false)
 7 FCPATH\index.php(79): CodeIgniter\CodeIgniter->run()
 8 SYSTEMPATH\Commands\Server\rewrite.php(47): require_once('C:\\laragon\\www\\PGA\\public\\index.php')
