ERROR - 2024-02-08 13:27:00 --> mysqli_sql_exception: Unknown column 'date_publish' in 'where clause' in C:\laragon\www\pga\system\Database\MySQLi\Connection.php:306
Stack trace:
#0 C:\laragon\www\pga\system\Database\MySQLi\Connection.php(306): mysqli->query('SELECT *\nFROM `...', 0)
#1 C:\laragon\www\pga\system\Database\BaseConnection.php(692): CodeIgniter\Database\MySQLi\Connection->execute('SELECT *\nFROM `...')
#2 C:\laragon\www\pga\system\Database\BaseConnection.php(606): CodeIgniter\Database\BaseConnection->simpleQuery('SELECT *\nFROM `...')
#3 C:\laragon\www\pga\system\Database\BaseBuilder.php(1615): CodeIgniter\Database\BaseConnection->query('SELECT *\nFROM `...', Array, false)
#4 C:\laragon\www\pga\system\Model.php(264): CodeIgniter\Database\BaseBuilder->get()
#5 C:\laragon\www\pga\system\BaseModel.php(662): CodeIgniter\Model->doFirst()
#6 C:\laragon\www\pga\app\Controllers\AddBooksController.php(27): CodeIgniter\BaseModel->first()
#7 C:\laragon\www\pga\system\CodeIgniter.php(919): App\Controllers\AddBooksController->saveData()
#8 C:\laragon\www\pga\system\CodeIgniter.php(494): CodeIgniter\CodeIgniter->runController(Object(App\Controllers\AddBooksController))
#9 C:\laragon\www\pga\system\CodeIgniter.php(353): CodeIgniter\CodeIgniter->handleRequest(NULL, Object(Config\Cache), false)
#10 C:\laragon\www\pga\public\index.php(79): CodeIgniter\CodeIgniter->run()
#11 C:\laragon\www\pga\system\Commands\Server\rewrite.php(47): require_once('C:\\laragon\\www\\...')
#12 {main}
CRITICAL - 2024-02-08 13:27:00 --> Unknown column 'date_publish' in 'where clause'
in SYSTEMPATH\Database\BaseConnection.php on line 646.
 1 SYSTEMPATH\Database\BaseBuilder.php(1615): CodeIgniter\Database\BaseConnection->query('SELECT *
FROM `addbooks`
WHERE `book_title` = :book_title:
AND `book_number` = :book_number:
AND `book_author` = :book_author:
AND `date_publish` = :date_publish:
 LIMIT 1', [...], false)
 2 SYSTEMPATH\Model.php(264): CodeIgniter\Database\BaseBuilder->get()
 3 SYSTEMPATH\BaseModel.php(662): CodeIgniter\Model->doFirst()
 4 APPPATH\Controllers\AddBooksController.php(27): CodeIgniter\BaseModel->first()
 5 SYSTEMPATH\CodeIgniter.php(919): App\Controllers\AddBooksController->saveData()
 6 SYSTEMPATH\CodeIgniter.php(494): CodeIgniter\CodeIgniter->runController(Object(App\Controllers\AddBooksController))
 7 SYSTEMPATH\CodeIgniter.php(353): CodeIgniter\CodeIgniter->handleRequest(null, Object(Config\Cache), false)
 8 FCPATH\index.php(79): CodeIgniter\CodeIgniter->run()
 9 SYSTEMPATH\Commands\Server\rewrite.php(47): require_once('C:\\laragon\\www\\pga\\public\\index.php')
CRITICAL - 2024-02-08 13:35:51 --> Undefined variable $groupedBooks
in APPPATH\Views\library\index.php on line 52.
 1 APPPATH\Views\library\index.php(52): CodeIgniter\Debug\Exceptions->errorHandler(2, 'Undefined variable $groupedBooks', 'C:\\laragon\\www\\pga\\app\\Views\\library\\index.php', 52)
 2 SYSTEMPATH\View\View.php(226): include('C:\\laragon\\www\\pga\\app\\Views\\library\\index.php')
 3 SYSTEMPATH\View\View.php(229): CodeIgniter\View\View->CodeIgniter\View\{closure}()
 4 SYSTEMPATH\Common.php(1188): CodeIgniter\View\View->render('library/index', [], true)
 5 APPPATH\Controllers\LibraryController.php(12): view('library/index')
 6 SYSTEMPATH\CodeIgniter.php(919): App\Controllers\LibraryController->index()
 7 SYSTEMPATH\CodeIgniter.php(494): CodeIgniter\CodeIgniter->runController(Object(App\Controllers\LibraryController))
 8 SYSTEMPATH\CodeIgniter.php(353): CodeIgniter\CodeIgniter->handleRequest(null, Object(Config\Cache), false)
 9 FCPATH\index.php(79): CodeIgniter\CodeIgniter->run()
10 SYSTEMPATH\Commands\Server\rewrite.php(47): require_once('C:\\laragon\\www\\pga\\public\\index.php')
CRITICAL - 2024-02-08 13:36:35 --> Undefined variable $groupedBooks
in APPPATH\Views\library\index.php on line 52.
 1 APPPATH\Views\library\index.php(52): CodeIgniter\Debug\Exceptions->errorHandler(2, 'Undefined variable $groupedBooks', 'C:\\laragon\\www\\pga\\app\\Views\\library\\index.php', 52)
 2 SYSTEMPATH\View\View.php(226): include('C:\\laragon\\www\\pga\\app\\Views\\library\\index.php')
 3 SYSTEMPATH\View\View.php(229): CodeIgniter\View\View->CodeIgniter\View\{closure}()
 4 SYSTEMPATH\Common.php(1188): CodeIgniter\View\View->render('library/index', [], true)
 5 APPPATH\Controllers\LibraryController.php(12): view('library/index')
 6 SYSTEMPATH\CodeIgniter.php(919): App\Controllers\LibraryController->index()
 7 SYSTEMPATH\CodeIgniter.php(494): CodeIgniter\CodeIgniter->runController(Object(App\Controllers\LibraryController))
 8 SYSTEMPATH\CodeIgniter.php(353): CodeIgniter\CodeIgniter->handleRequest(null, Object(Config\Cache), false)
 9 FCPATH\index.php(79): CodeIgniter\CodeIgniter->run()
10 SYSTEMPATH\Commands\Server\rewrite.php(47): require_once('C:\\laragon\\www\\pga\\public\\index.php')
CRITICAL - 2024-02-08 13:36:37 --> Undefined variable $groupedBooks
in APPPATH\Views\library\index.php on line 52.
 1 APPPATH\Views\library\index.php(52): CodeIgniter\Debug\Exceptions->errorHandler(2, 'Undefined variable $groupedBooks', 'C:\\laragon\\www\\pga\\app\\Views\\library\\index.php', 52)
 2 SYSTEMPATH\View\View.php(226): include('C:\\laragon\\www\\pga\\app\\Views\\library\\index.php')
 3 SYSTEMPATH\View\View.php(229): CodeIgniter\View\View->CodeIgniter\View\{closure}()
 4 SYSTEMPATH\Common.php(1188): CodeIgniter\View\View->render('library/index', [], true)
 5 APPPATH\Controllers\LibraryController.php(12): view('library/index')
 6 SYSTEMPATH\CodeIgniter.php(919): App\Controllers\LibraryController->index()
 7 SYSTEMPATH\CodeIgniter.php(494): CodeIgniter\CodeIgniter->runController(Object(App\Controllers\LibraryController))
 8 SYSTEMPATH\CodeIgniter.php(353): CodeIgniter\CodeIgniter->handleRequest(null, Object(Config\Cache), false)
 9 FCPATH\index.php(79): CodeIgniter\CodeIgniter->run()
10 SYSTEMPATH\Commands\Server\rewrite.php(47): require_once('C:\\laragon\\www\\pga\\public\\index.php')
CRITICAL - 2024-02-08 13:37:45 --> Undefined variable $groupedBooks
in APPPATH\Views\library\index.php on line 52.
 1 APPPATH\Views\library\index.php(52): CodeIgniter\Debug\Exceptions->errorHandler(2, 'Undefined variable $groupedBooks', 'C:\\laragon\\www\\pga\\app\\Views\\library\\index.php', 52)
 2 SYSTEMPATH\View\View.php(226): include('C:\\laragon\\www\\pga\\app\\Views\\library\\index.php')
 3 SYSTEMPATH\View\View.php(229): CodeIgniter\View\View->CodeIgniter\View\{closure}()
 4 SYSTEMPATH\Common.php(1188): CodeIgniter\View\View->render('library/index', [], true)
 5 APPPATH\Controllers\LibraryController.php(12): view('library/index')
 6 SYSTEMPATH\CodeIgniter.php(919): App\Controllers\LibraryController->index()
 7 SYSTEMPATH\CodeIgniter.php(494): CodeIgniter\CodeIgniter->runController(Object(App\Controllers\LibraryController))
 8 SYSTEMPATH\CodeIgniter.php(353): CodeIgniter\CodeIgniter->handleRequest(null, Object(Config\Cache), false)
 9 FCPATH\index.php(79): CodeIgniter\CodeIgniter->run()
10 SYSTEMPATH\Commands\Server\rewrite.php(47): require_once('C:\\laragon\\www\\pga\\public\\index.php')
CRITICAL - 2024-02-08 13:38:10 --> Undefined variable $groupedBooks
in APPPATH\Views\library\index.php on line 52.
 1 APPPATH\Views\library\index.php(52): CodeIgniter\Debug\Exceptions->errorHandler(2, 'Undefined variable $groupedBooks', 'C:\\laragon\\www\\pga\\app\\Views\\library\\index.php', 52)
 2 SYSTEMPATH\View\View.php(226): include('C:\\laragon\\www\\pga\\app\\Views\\library\\index.php')
 3 SYSTEMPATH\View\View.php(229): CodeIgniter\View\View->CodeIgniter\View\{closure}()
 4 SYSTEMPATH\Common.php(1188): CodeIgniter\View\View->render('library/index', [], true)
 5 APPPATH\Controllers\LibraryController.php(12): view('library/index')
 6 SYSTEMPATH\CodeIgniter.php(919): App\Controllers\LibraryController->index()
 7 SYSTEMPATH\CodeIgniter.php(494): CodeIgniter\CodeIgniter->runController(Object(App\Controllers\LibraryController))
 8 SYSTEMPATH\CodeIgniter.php(353): CodeIgniter\CodeIgniter->handleRequest(null, Object(Config\Cache), false)
 9 FCPATH\index.php(79): CodeIgniter\CodeIgniter->run()
10 SYSTEMPATH\Commands\Server\rewrite.php(47): require_once('C:\\laragon\\www\\pga\\public\\index.php')
CRITICAL - 2024-02-08 13:40:45 --> Undefined variable $groupedBooks
in APPPATH\Views\library\index.php on line 52.
 1 APPPATH\Views\library\index.php(52): CodeIgniter\Debug\Exceptions->errorHandler(2, 'Undefined variable $groupedBooks', 'C:\\laragon\\www\\pga\\app\\Views\\library\\index.php', 52)
 2 SYSTEMPATH\View\View.php(226): include('C:\\laragon\\www\\pga\\app\\Views\\library\\index.php')
 3 SYSTEMPATH\View\View.php(229): CodeIgniter\View\View->CodeIgniter\View\{closure}()
 4 SYSTEMPATH\Common.php(1188): CodeIgniter\View\View->render('library/index', [], true)
 5 APPPATH\Controllers\LibraryController.php(12): view('library/index')
 6 SYSTEMPATH\CodeIgniter.php(919): App\Controllers\LibraryController->index()
 7 SYSTEMPATH\CodeIgniter.php(494): CodeIgniter\CodeIgniter->runController(Object(App\Controllers\LibraryController))
 8 SYSTEMPATH\CodeIgniter.php(353): CodeIgniter\CodeIgniter->handleRequest(null, Object(Config\Cache), false)
 9 FCPATH\index.php(79): CodeIgniter\CodeIgniter->run()
10 SYSTEMPATH\Commands\Server\rewrite.php(47): require_once('C:\\laragon\\www\\pga\\public\\index.php')
CRITICAL - 2024-02-08 13:43:41 --> Undefined variable $groupedBooks
in APPPATH\Views\library\index.php on line 19.
 1 APPPATH\Views\library\index.php(19): CodeIgniter\Debug\Exceptions->errorHandler(2, 'Undefined variable $groupedBooks', 'C:\\laragon\\www\\pga\\app\\Views\\library\\index.php', 19)
 2 SYSTEMPATH\View\View.php(226): include('C:\\laragon\\www\\pga\\app\\Views\\library\\index.php')
 3 SYSTEMPATH\View\View.php(229): CodeIgniter\View\View->CodeIgniter\View\{closure}()
 4 SYSTEMPATH\Common.php(1188): CodeIgniter\View\View->render('library/index', [], true)
 5 APPPATH\Controllers\LibraryController.php(12): view('library/index')
 6 SYSTEMPATH\CodeIgniter.php(919): App\Controllers\LibraryController->index()
 7 SYSTEMPATH\CodeIgniter.php(494): CodeIgniter\CodeIgniter->runController(Object(App\Controllers\LibraryController))
 8 SYSTEMPATH\CodeIgniter.php(353): CodeIgniter\CodeIgniter->handleRequest(null, Object(Config\Cache), false)
 9 FCPATH\index.php(79): CodeIgniter\CodeIgniter->run()
10 SYSTEMPATH\Commands\Server\rewrite.php(47): require_once('C:\\laragon\\www\\pga\\public\\index.php')
CRITICAL - 2024-02-08 13:43:42 --> Undefined variable $groupedBooks
in APPPATH\Views\library\index.php on line 19.
 1 APPPATH\Views\library\index.php(19): CodeIgniter\Debug\Exceptions->errorHandler(2, 'Undefined variable $groupedBooks', 'C:\\laragon\\www\\pga\\app\\Views\\library\\index.php', 19)
 2 SYSTEMPATH\View\View.php(226): include('C:\\laragon\\www\\pga\\app\\Views\\library\\index.php')
 3 SYSTEMPATH\View\View.php(229): CodeIgniter\View\View->CodeIgniter\View\{closure}()
 4 SYSTEMPATH\Common.php(1188): CodeIgniter\View\View->render('library/index', [], true)
 5 APPPATH\Controllers\LibraryController.php(12): view('library/index')
 6 SYSTEMPATH\CodeIgniter.php(919): App\Controllers\LibraryController->index()
 7 SYSTEMPATH\CodeIgniter.php(494): CodeIgniter\CodeIgniter->runController(Object(App\Controllers\LibraryController))
 8 SYSTEMPATH\CodeIgniter.php(353): CodeIgniter\CodeIgniter->handleRequest(null, Object(Config\Cache), false)
 9 FCPATH\index.php(79): CodeIgniter\CodeIgniter->run()
10 SYSTEMPATH\Commands\Server\rewrite.php(47): require_once('C:\\laragon\\www\\pga\\public\\index.php')
CRITICAL - 2024-02-08 13:43:42 --> Undefined variable $groupedBooks
in APPPATH\Views\library\index.php on line 19.
 1 APPPATH\Views\library\index.php(19): CodeIgniter\Debug\Exceptions->errorHandler(2, 'Undefined variable $groupedBooks', 'C:\\laragon\\www\\pga\\app\\Views\\library\\index.php', 19)
 2 SYSTEMPATH\View\View.php(226): include('C:\\laragon\\www\\pga\\app\\Views\\library\\index.php')
 3 SYSTEMPATH\View\View.php(229): CodeIgniter\View\View->CodeIgniter\View\{closure}()
 4 SYSTEMPATH\Common.php(1188): CodeIgniter\View\View->render('library/index', [], true)
 5 APPPATH\Controllers\LibraryController.php(12): view('library/index')
 6 SYSTEMPATH\CodeIgniter.php(919): App\Controllers\LibraryController->index()
 7 SYSTEMPATH\CodeIgniter.php(494): CodeIgniter\CodeIgniter->runController(Object(App\Controllers\LibraryController))
 8 SYSTEMPATH\CodeIgniter.php(353): CodeIgniter\CodeIgniter->handleRequest(null, Object(Config\Cache), false)
 9 FCPATH\index.php(79): CodeIgniter\CodeIgniter->run()
10 SYSTEMPATH\Commands\Server\rewrite.php(47): require_once('C:\\laragon\\www\\pga\\public\\index.php')
CRITICAL - 2024-02-08 13:43:42 --> Undefined variable $groupedBooks
in APPPATH\Views\library\index.php on line 19.
 1 APPPATH\Views\library\index.php(19): CodeIgniter\Debug\Exceptions->errorHandler(2, 'Undefined variable $groupedBooks', 'C:\\laragon\\www\\pga\\app\\Views\\library\\index.php', 19)
 2 SYSTEMPATH\View\View.php(226): include('C:\\laragon\\www\\pga\\app\\Views\\library\\index.php')
 3 SYSTEMPATH\View\View.php(229): CodeIgniter\View\View->CodeIgniter\View\{closure}()
 4 SYSTEMPATH\Common.php(1188): CodeIgniter\View\View->render('library/index', [], true)
 5 APPPATH\Controllers\LibraryController.php(12): view('library/index')
 6 SYSTEMPATH\CodeIgniter.php(919): App\Controllers\LibraryController->index()
 7 SYSTEMPATH\CodeIgniter.php(494): CodeIgniter\CodeIgniter->runController(Object(App\Controllers\LibraryController))
 8 SYSTEMPATH\CodeIgniter.php(353): CodeIgniter\CodeIgniter->handleRequest(null, Object(Config\Cache), false)
 9 FCPATH\index.php(79): CodeIgniter\CodeIgniter->run()
10 SYSTEMPATH\Commands\Server\rewrite.php(47): require_once('C:\\laragon\\www\\pga\\public\\index.php')
CRITICAL - 2024-02-08 13:43:43 --> Undefined variable $groupedBooks
in APPPATH\Views\library\index.php on line 19.
 1 APPPATH\Views\library\index.php(19): CodeIgniter\Debug\Exceptions->errorHandler(2, 'Undefined variable $groupedBooks', 'C:\\laragon\\www\\pga\\app\\Views\\library\\index.php', 19)
 2 SYSTEMPATH\View\View.php(226): include('C:\\laragon\\www\\pga\\app\\Views\\library\\index.php')
 3 SYSTEMPATH\View\View.php(229): CodeIgniter\View\View->CodeIgniter\View\{closure}()
 4 SYSTEMPATH\Common.php(1188): CodeIgniter\View\View->render('library/index', [], true)
 5 APPPATH\Controllers\LibraryController.php(12): view('library/index')
 6 SYSTEMPATH\CodeIgniter.php(919): App\Controllers\LibraryController->index()
 7 SYSTEMPATH\CodeIgniter.php(494): CodeIgniter\CodeIgniter->runController(Object(App\Controllers\LibraryController))
 8 SYSTEMPATH\CodeIgniter.php(353): CodeIgniter\CodeIgniter->handleRequest(null, Object(Config\Cache), false)
 9 FCPATH\index.php(79): CodeIgniter\CodeIgniter->run()
10 SYSTEMPATH\Commands\Server\rewrite.php(47): require_once('C:\\laragon\\www\\pga\\public\\index.php')
CRITICAL - 2024-02-08 13:43:43 --> Undefined variable $groupedBooks
in APPPATH\Views\library\index.php on line 19.
 1 APPPATH\Views\library\index.php(19): CodeIgniter\Debug\Exceptions->errorHandler(2, 'Undefined variable $groupedBooks', 'C:\\laragon\\www\\pga\\app\\Views\\library\\index.php', 19)
 2 SYSTEMPATH\View\View.php(226): include('C:\\laragon\\www\\pga\\app\\Views\\library\\index.php')
 3 SYSTEMPATH\View\View.php(229): CodeIgniter\View\View->CodeIgniter\View\{closure}()
 4 SYSTEMPATH\Common.php(1188): CodeIgniter\View\View->render('library/index', [], true)
 5 APPPATH\Controllers\LibraryController.php(12): view('library/index')
 6 SYSTEMPATH\CodeIgniter.php(919): App\Controllers\LibraryController->index()
 7 SYSTEMPATH\CodeIgniter.php(494): CodeIgniter\CodeIgniter->runController(Object(App\Controllers\LibraryController))
 8 SYSTEMPATH\CodeIgniter.php(353): CodeIgniter\CodeIgniter->handleRequest(null, Object(Config\Cache), false)
 9 FCPATH\index.php(79): CodeIgniter\CodeIgniter->run()
10 SYSTEMPATH\Commands\Server\rewrite.php(47): require_once('C:\\laragon\\www\\pga\\public\\index.php')
CRITICAL - 2024-02-08 13:43:44 --> Undefined variable $groupedBooks
in APPPATH\Views\library\index.php on line 19.
 1 APPPATH\Views\library\index.php(19): CodeIgniter\Debug\Exceptions->errorHandler(2, 'Undefined variable $groupedBooks', 'C:\\laragon\\www\\pga\\app\\Views\\library\\index.php', 19)
 2 SYSTEMPATH\View\View.php(226): include('C:\\laragon\\www\\pga\\app\\Views\\library\\index.php')
 3 SYSTEMPATH\View\View.php(229): CodeIgniter\View\View->CodeIgniter\View\{closure}()
 4 SYSTEMPATH\Common.php(1188): CodeIgniter\View\View->render('library/index', [], true)
 5 APPPATH\Controllers\LibraryController.php(12): view('library/index')
 6 SYSTEMPATH\CodeIgniter.php(919): App\Controllers\LibraryController->index()
 7 SYSTEMPATH\CodeIgniter.php(494): CodeIgniter\CodeIgniter->runController(Object(App\Controllers\LibraryController))
 8 SYSTEMPATH\CodeIgniter.php(353): CodeIgniter\CodeIgniter->handleRequest(null, Object(Config\Cache), false)
 9 FCPATH\index.php(79): CodeIgniter\CodeIgniter->run()
10 SYSTEMPATH\Commands\Server\rewrite.php(47): require_once('C:\\laragon\\www\\pga\\public\\index.php')
CRITICAL - 2024-02-08 13:43:46 --> Undefined variable $groupedBooks
in APPPATH\Views\library\index.php on line 19.
 1 APPPATH\Views\library\index.php(19): CodeIgniter\Debug\Exceptions->errorHandler(2, 'Undefined variable $groupedBooks', 'C:\\laragon\\www\\pga\\app\\Views\\library\\index.php', 19)
 2 SYSTEMPATH\View\View.php(226): include('C:\\laragon\\www\\pga\\app\\Views\\library\\index.php')
 3 SYSTEMPATH\View\View.php(229): CodeIgniter\View\View->CodeIgniter\View\{closure}()
 4 SYSTEMPATH\Common.php(1188): CodeIgniter\View\View->render('library/index', [], true)
 5 APPPATH\Controllers\LibraryController.php(12): view('library/index')
 6 SYSTEMPATH\CodeIgniter.php(919): App\Controllers\LibraryController->index()
 7 SYSTEMPATH\CodeIgniter.php(494): CodeIgniter\CodeIgniter->runController(Object(App\Controllers\LibraryController))
 8 SYSTEMPATH\CodeIgniter.php(353): CodeIgniter\CodeIgniter->handleRequest(null, Object(Config\Cache), false)
 9 FCPATH\index.php(79): CodeIgniter\CodeIgniter->run()
10 SYSTEMPATH\Commands\Server\rewrite.php(47): require_once('C:\\laragon\\www\\pga\\public\\index.php')
CRITICAL - 2024-02-08 13:43:50 --> Undefined variable $groupedBooks
in APPPATH\Views\library\index.php on line 19.
 1 APPPATH\Views\library\index.php(19): CodeIgniter\Debug\Exceptions->errorHandler(2, 'Undefined variable $groupedBooks', 'C:\\laragon\\www\\pga\\app\\Views\\library\\index.php', 19)
 2 SYSTEMPATH\View\View.php(226): include('C:\\laragon\\www\\pga\\app\\Views\\library\\index.php')
 3 SYSTEMPATH\View\View.php(229): CodeIgniter\View\View->CodeIgniter\View\{closure}()
 4 SYSTEMPATH\Common.php(1188): CodeIgniter\View\View->render('library/index', [], true)
 5 APPPATH\Controllers\LibraryController.php(12): view('library/index')
 6 SYSTEMPATH\CodeIgniter.php(919): App\Controllers\LibraryController->index()
 7 SYSTEMPATH\CodeIgniter.php(494): CodeIgniter\CodeIgniter->runController(Object(App\Controllers\LibraryController))
 8 SYSTEMPATH\CodeIgniter.php(353): CodeIgniter\CodeIgniter->handleRequest(null, Object(Config\Cache), false)
 9 FCPATH\index.php(79): CodeIgniter\CodeIgniter->run()
10 SYSTEMPATH\Commands\Server\rewrite.php(47): require_once('C:\\laragon\\www\\pga\\public\\index.php')
CRITICAL - 2024-02-08 13:44:19 --> Undefined variable $groupedBooks
in APPPATH\Views\library\index.php on line 19.
 1 APPPATH\Views\library\index.php(19): CodeIgniter\Debug\Exceptions->errorHandler(2, 'Undefined variable $groupedBooks', 'C:\\laragon\\www\\pga\\app\\Views\\library\\index.php', 19)
 2 SYSTEMPATH\View\View.php(226): include('C:\\laragon\\www\\pga\\app\\Views\\library\\index.php')
 3 SYSTEMPATH\View\View.php(229): CodeIgniter\View\View->CodeIgniter\View\{closure}()
 4 SYSTEMPATH\Common.php(1188): CodeIgniter\View\View->render('library/index', [], true)
 5 APPPATH\Controllers\LibraryController.php(12): view('library/index')
 6 SYSTEMPATH\CodeIgniter.php(919): App\Controllers\LibraryController->index()
 7 SYSTEMPATH\CodeIgniter.php(494): CodeIgniter\CodeIgniter->runController(Object(App\Controllers\LibraryController))
 8 SYSTEMPATH\CodeIgniter.php(353): CodeIgniter\CodeIgniter->handleRequest(null, Object(Config\Cache), false)
 9 FCPATH\index.php(79): CodeIgniter\CodeIgniter->run()
10 SYSTEMPATH\Commands\Server\rewrite.php(47): require_once('C:\\laragon\\www\\pga\\public\\index.php')
