CRITICAL - 2023-12-08 07:13:32 --> Invalid file: "admin/content/teachers.php"
in SYSTEMPATH\Exceptions\FrameworkException.php on line 39.
 1 SYSTEMPATH\View\View.php(214): CodeIgniter\Exceptions\FrameworkException::forInvalidFile('admin/content/teachers.php')
 2 SYSTEMPATH\View\View.php(467): CodeIgniter\View\View->render('admin/content/teachers', null, true)
 3 APPPATH\Views\admin\body.php(52): CodeIgniter\View\View->include('admin/content/teachers')
 4 SYSTEMPATH\View\View.php(226): include('C:\\laragon\\www\\PGA\\app\\Views\\admin\\body.php')
 5 SYSTEMPATH\View\View.php(229): CodeIgniter\View\View->CodeIgniter\View\{closure}()
 6 SYSTEMPATH\View\View.php(467): CodeIgniter\View\View->render('admin/body', null, true)
 7 APPPATH\Views\admin.php(3): CodeIgniter\View\View->include('admin/body')
 8 SYSTEMPATH\View\View.php(226): include('C:\\laragon\\www\\PGA\\app\\Views\\admin.php')
 9 SYSTEMPATH\View\View.php(229): CodeIgniter\View\View->CodeIgniter\View\{closure}()
10 SYSTEMPATH\Common.php(1188): CodeIgniter\View\View->render('admin', [], true)
11 APPPATH\Controllers\AdminController.php(11): view('admin')
12 SYSTEMPATH\CodeIgniter.php(919): App\Controllers\AdminController->index()
13 SYSTEMPATH\CodeIgniter.php(494): CodeIgniter\CodeIgniter->runController(Object(App\Controllers\AdminController))
14 SYSTEMPATH\CodeIgniter.php(353): CodeIgniter\CodeIgniter->handleRequest(null, Object(Config\Cache), false)
15 FCPATH\index.php(79): CodeIgniter\CodeIgniter->run()
16 SYSTEMPATH\Commands\Server\rewrite.php(47): require_once('C:\\laragon\\www\\PGA\\public\\index.php')
CRITICAL - 2023-12-08 07:28:26 --> Invalid file: "admin/cal.php"
in SYSTEMPATH\Exceptions\FrameworkException.php on line 39.
 1 SYSTEMPATH\View\View.php(214): CodeIgniter\Exceptions\FrameworkException::forInvalidFile('admin/cal.php')
 2 SYSTEMPATH\Common.php(1188): CodeIgniter\View\View->render('admin/cal', [], true)
 3 APPPATH\Controllers\AdminController.php(16): view('admin/cal')
 4 SYSTEMPATH\CodeIgniter.php(919): App\Controllers\AdminController->cal()
 5 SYSTEMPATH\CodeIgniter.php(494): CodeIgniter\CodeIgniter->runController(Object(App\Controllers\AdminController))
 6 SYSTEMPATH\CodeIgniter.php(353): CodeIgniter\CodeIgniter->handleRequest(null, Object(Config\Cache), false)
 7 FCPATH\index.php(79): CodeIgniter\CodeIgniter->run()
 8 SYSTEMPATH\Commands\Server\rewrite.php(47): require_once('C:\\laragon\\www\\PGA\\public\\index.php')
CRITICAL - 2023-12-08 07:59:06 --> Invalid file: "admin/content/body.php"
in SYSTEMPATH\Exceptions\FrameworkException.php on line 39.
 1 SYSTEMPATH\View\View.php(214): CodeIgniter\Exceptions\FrameworkException::forInvalidFile('admin/content/body.php')
 2 SYSTEMPATH\View\View.php(467): CodeIgniter\View\View->render('admin/content/body', null, true)
 3 APPPATH\Views\admin\content\teacher\addteacher.php(3): CodeIgniter\View\View->include('admin/content/body')
 4 SYSTEMPATH\View\View.php(226): include('C:\\laragon\\www\\PGA\\app\\Views\\admin\\content\\teacher\\addteacher.php')
 5 SYSTEMPATH\View\View.php(229): CodeIgniter\View\View->CodeIgniter\View\{closure}()
 6 SYSTEMPATH\Common.php(1188): CodeIgniter\View\View->render('admin/content/teacher/addteacher', [], true)
 7 APPPATH\Controllers\TeacherController.php(11): view('admin/content/teacher/addteacher')
 8 SYSTEMPATH\CodeIgniter.php(919): App\Controllers\TeacherController->addTeacher()
 9 SYSTEMPATH\CodeIgniter.php(494): CodeIgniter\CodeIgniter->runController(Object(App\Controllers\TeacherController))
10 SYSTEMPATH\CodeIgniter.php(353): CodeIgniter\CodeIgniter->handleRequest(null, Object(Config\Cache), false)
11 FCPATH\index.php(79): CodeIgniter\CodeIgniter->run()
12 SYSTEMPATH\Commands\Server\rewrite.php(47): require_once('C:\\laragon\\www\\PGA\\public\\index.php')
CRITICAL - 2023-12-08 08:47:45 --> Invalid file: "admin/content/style/pushandpull.php"
in SYSTEMPATH\Exceptions\FrameworkException.php on line 39.
 1 SYSTEMPATH\View\View.php(214): CodeIgniter\Exceptions\FrameworkException::forInvalidFile('admin/content/style/pushandpull.php')
 2 SYSTEMPATH\View\View.php(467): CodeIgniter\View\View->render('admin/content/style/pushandpull', null, true)
 3 APPPATH\Views\admin.php(5): CodeIgniter\View\View->include('admin/content/style/pushandpull')
 4 SYSTEMPATH\View\View.php(226): include('C:\\laragon\\www\\PGA\\app\\Views\\admin.php')
 5 SYSTEMPATH\View\View.php(229): CodeIgniter\View\View->CodeIgniter\View\{closure}()
 6 SYSTEMPATH\Common.php(1188): CodeIgniter\View\View->render('admin', [], true)
 7 APPPATH\Controllers\AdminController.php(11): view('admin')
 8 SYSTEMPATH\CodeIgniter.php(919): App\Controllers\AdminController->index()
 9 SYSTEMPATH\CodeIgniter.php(494): CodeIgniter\CodeIgniter->runController(Object(App\Controllers\AdminController))
10 SYSTEMPATH\CodeIgniter.php(353): CodeIgniter\CodeIgniter->handleRequest(null, Object(Config\Cache), false)
11 FCPATH\index.php(79): CodeIgniter\CodeIgniter->run()
12 SYSTEMPATH\Commands\Server\rewrite.php(47): require_once('C:\\laragon\\www\\PGA\\public\\index.php')
CRITICAL - 2023-12-08 12:34:04 --> Undefined variable $teacher
in APPPATH\Views\admin\content\teacher\addteacher.php on line 93.
 1 APPPATH\Views\admin\content\teacher\addteacher.php(93): CodeIgniter\Debug\Exceptions->errorHandler(2, 'Undefined variable $teacher', 'C:\\laragon\\www\\PGA\\app\\Views\\admin\\content\\teacher\\addteacher.php', 93)
 2 SYSTEMPATH\View\View.php(226): include('C:\\laragon\\www\\PGA\\app\\Views\\admin\\content\\teacher\\addteacher.php')
 3 SYSTEMPATH\View\View.php(229): CodeIgniter\View\View->CodeIgniter\View\{closure}()
 4 SYSTEMPATH\Common.php(1188): CodeIgniter\View\View->render('admin/content/teacher/addteacher', [], true)
 5 APPPATH\Controllers\TeacherController.php(18): view('admin/content/teacher/addteacher')
 6 SYSTEMPATH\CodeIgniter.php(919): App\Controllers\TeacherController->addTeacher()
 7 SYSTEMPATH\CodeIgniter.php(494): CodeIgniter\CodeIgniter->runController(Object(App\Controllers\TeacherController))
 8 SYSTEMPATH\CodeIgniter.php(353): CodeIgniter\CodeIgniter->handleRequest(null, Object(Config\Cache), false)
 9 FCPATH\index.php(79): CodeIgniter\CodeIgniter->run()
10 SYSTEMPATH\Commands\Server\rewrite.php(47): require_once('C:\\laragon\\www\\PGA\\public\\index.php')
CRITICAL - 2023-12-08 13:05:24 --> Undefined variable $th
in APPPATH\Views\admin\content\teacher\addteacher.php on line 97.
 1 APPPATH\Views\admin\content\teacher\addteacher.php(97): CodeIgniter\Debug\Exceptions->errorHandler(2, 'Undefined variable $th', 'C:\\laragon\\www\\PGA\\app\\Views\\admin\\content\\teacher\\addteacher.php', 97)
 2 SYSTEMPATH\View\View.php(226): include('C:\\laragon\\www\\PGA\\app\\Views\\admin\\content\\teacher\\addteacher.php')
 3 SYSTEMPATH\View\View.php(229): CodeIgniter\View\View->CodeIgniter\View\{closure}()
 4 SYSTEMPATH\Common.php(1188): CodeIgniter\View\View->render('admin/content/teacher/addteacher', [], true)
 5 APPPATH\Controllers\TeacherController.php(59): view('admin/content/teacher/addteacher', [...])
 6 SYSTEMPATH\CodeIgniter.php(919): App\Controllers\TeacherController->edit('6')
 7 SYSTEMPATH\CodeIgniter.php(494): CodeIgniter\CodeIgniter->runController(Object(App\Controllers\TeacherController))
 8 SYSTEMPATH\CodeIgniter.php(353): CodeIgniter\CodeIgniter->handleRequest(null, Object(Config\Cache), false)
 9 FCPATH\index.php(79): CodeIgniter\CodeIgniter->run()
10 SYSTEMPATH\Commands\Server\rewrite.php(47): require_once('C:\\laragon\\www\\PGA\\public\\index.php')
