CRITICAL - 2024-02-03 01:17:12 --> Undefined array key "nickname"
in APPPATH\Views\admin\content\student\enroll.php on line 68.
 1 APPPATH\Views\admin\content\student\enroll.php(68): CodeIgniter\Debug\Exceptions->errorHandler(2, 'Undefined array key "nickname"', 'C:\\laragon\\www\\pga\\app\\Views\\admin\\content\\student\\enroll.php', 68)
 2 SYSTEMPATH\View\View.php(226): include('C:\\laragon\\www\\pga\\app\\Views\\admin\\content\\student\\enroll.php')
 3 SYSTEMPATH\View\View.php(229): CodeIgniter\View\View->CodeIgniter\View\{closure}()
 4 SYSTEMPATH\Common.php(1188): CodeIgniter\View\View->render('admin/content/student/enroll', [], true)
 5 APPPATH\Controllers\AdminController.php(158): view('admin/content/student/enroll', [...])
 6 SYSTEMPATH\CodeIgniter.php(919): App\Controllers\AdminController->enroll()
 7 SYSTEMPATH\CodeIgniter.php(494): CodeIgniter\CodeIgniter->runController(Object(App\Controllers\AdminController))
 8 SYSTEMPATH\CodeIgniter.php(353): CodeIgniter\CodeIgniter->handleRequest(null, Object(Config\Cache), false)
 9 FCPATH\index.php(79): CodeIgniter\CodeIgniter->run()
10 SYSTEMPATH\Commands\Server\rewrite.php(47): require_once('C:\\laragon\\www\\pga\\public\\index.php')
CRITICAL - 2024-02-03 13:30:38 --> Invalid file: "library/content/addbooks.php"
in SYSTEMPATH\Exceptions\FrameworkException.php on line 39.
 1 SYSTEMPATH\View\View.php(214): CodeIgniter\Exceptions\FrameworkException::forInvalidFile('library/content/addbooks.php')
 2 SYSTEMPATH\Common.php(1188): CodeIgniter\View\View->render('library/content/addbooks', [], true)
 3 APPPATH\Controllers\LibraryController.php(16): view('library/content/addbooks')
 4 SYSTEMPATH\CodeIgniter.php(919): App\Controllers\LibraryController->addBooks()
 5 SYSTEMPATH\CodeIgniter.php(494): CodeIgniter\CodeIgniter->runController(Object(App\Controllers\LibraryController))
 6 SYSTEMPATH\CodeIgniter.php(353): CodeIgniter\CodeIgniter->handleRequest(null, Object(Config\Cache), false)
 7 FCPATH\index.php(79): CodeIgniter\CodeIgniter->run()
 8 SYSTEMPATH\Commands\Server\rewrite.php(47): require_once('C:\\laragon\\www\\pga\\public\\index.php')
CRITICAL - 2024-02-03 13:47:31 --> include(library/content/addbooks.php): Failed to open stream: No such file or directory
in APPPATH\Views\library\index.php on line 34.
 1 APPPATH\Views\library\index.php(34): CodeIgniter\Debug\Exceptions->errorHandler(2, 'include(library/content/addbooks.php): Failed to open stream: No such file or directory', 'C:\\laragon\\www\\pga\\app\\Views\\library\\index.php', 34)
 2 APPPATH\Views\library\index.php(34): include()
 3 SYSTEMPATH\View\View.php(226): include('C:\\laragon\\www\\pga\\app\\Views\\library\\index.php')
 4 SYSTEMPATH\View\View.php(229): CodeIgniter\View\View->CodeIgniter\View\{closure}()
 5 SYSTEMPATH\Common.php(1188): CodeIgniter\View\View->render('library/index', [], true)
 6 APPPATH\Controllers\LibraryController.php(11): view('library/index')
 7 SYSTEMPATH\CodeIgniter.php(919): App\Controllers\LibraryController->index()
 8 SYSTEMPATH\CodeIgniter.php(494): CodeIgniter\CodeIgniter->runController(Object(App\Controllers\LibraryController))
 9 SYSTEMPATH\CodeIgniter.php(353): CodeIgniter\CodeIgniter->handleRequest(null, Object(Config\Cache), false)
10 FCPATH\index.php(79): CodeIgniter\CodeIgniter->run()
11 SYSTEMPATH\Commands\Server\rewrite.php(47): require_once('C:\\laragon\\www\\pga\\public\\index.php')
CRITICAL - 2024-02-03 13:50:09 --> include(library/content/addbooks): Failed to open stream: No such file or directory
in APPPATH\Views\library\index.php on line 34.
 1 APPPATH\Views\library\index.php(34): CodeIgniter\Debug\Exceptions->errorHandler(2, 'include(library/content/addbooks): Failed to open stream: No such file or directory', 'C:\\laragon\\www\\pga\\app\\Views\\library\\index.php', 34)
 2 APPPATH\Views\library\index.php(34): include()
 3 SYSTEMPATH\View\View.php(226): include('C:\\laragon\\www\\pga\\app\\Views\\library\\index.php')
 4 SYSTEMPATH\View\View.php(229): CodeIgniter\View\View->CodeIgniter\View\{closure}()
 5 SYSTEMPATH\Common.php(1188): CodeIgniter\View\View->render('library/index', [], true)
 6 APPPATH\Controllers\LibraryController.php(11): view('library/index')
 7 SYSTEMPATH\CodeIgniter.php(919): App\Controllers\LibraryController->index()
 8 SYSTEMPATH\CodeIgniter.php(494): CodeIgniter\CodeIgniter->runController(Object(App\Controllers\LibraryController))
 9 SYSTEMPATH\CodeIgniter.php(353): CodeIgniter\CodeIgniter->handleRequest(null, Object(Config\Cache), false)
10 FCPATH\index.php(79): CodeIgniter\CodeIgniter->run()
11 SYSTEMPATH\Commands\Server\rewrite.php(47): require_once('C:\\laragon\\www\\pga\\public\\index.php')
CRITICAL - 2024-02-03 13:50:12 --> include(library/content/addbooks): Failed to open stream: No such file or directory
in APPPATH\Views\library\index.php on line 34.
 1 APPPATH\Views\library\index.php(34): CodeIgniter\Debug\Exceptions->errorHandler(2, 'include(library/content/addbooks): Failed to open stream: No such file or directory', 'C:\\laragon\\www\\pga\\app\\Views\\library\\index.php', 34)
 2 APPPATH\Views\library\index.php(34): include()
 3 SYSTEMPATH\View\View.php(226): include('C:\\laragon\\www\\pga\\app\\Views\\library\\index.php')
 4 SYSTEMPATH\View\View.php(229): CodeIgniter\View\View->CodeIgniter\View\{closure}()
 5 SYSTEMPATH\Common.php(1188): CodeIgniter\View\View->render('library/index', [], true)
 6 APPPATH\Controllers\LibraryController.php(11): view('library/index')
 7 SYSTEMPATH\CodeIgniter.php(919): App\Controllers\LibraryController->index()
 8 SYSTEMPATH\CodeIgniter.php(494): CodeIgniter\CodeIgniter->runController(Object(App\Controllers\LibraryController))
 9 SYSTEMPATH\CodeIgniter.php(353): CodeIgniter\CodeIgniter->handleRequest(null, Object(Config\Cache), false)
10 FCPATH\index.php(79): CodeIgniter\CodeIgniter->run()
11 SYSTEMPATH\Commands\Server\rewrite.php(47): require_once('C:\\laragon\\www\\pga\\public\\index.php')
CRITICAL - 2024-02-03 13:50:13 --> include(library/content/addbooks): Failed to open stream: No such file or directory
in APPPATH\Views\library\index.php on line 34.
 1 APPPATH\Views\library\index.php(34): CodeIgniter\Debug\Exceptions->errorHandler(2, 'include(library/content/addbooks): Failed to open stream: No such file or directory', 'C:\\laragon\\www\\pga\\app\\Views\\library\\index.php', 34)
 2 APPPATH\Views\library\index.php(34): include()
 3 SYSTEMPATH\View\View.php(226): include('C:\\laragon\\www\\pga\\app\\Views\\library\\index.php')
 4 SYSTEMPATH\View\View.php(229): CodeIgniter\View\View->CodeIgniter\View\{closure}()
 5 SYSTEMPATH\Common.php(1188): CodeIgniter\View\View->render('library/index', [], true)
 6 APPPATH\Controllers\LibraryController.php(11): view('library/index')
 7 SYSTEMPATH\CodeIgniter.php(919): App\Controllers\LibraryController->index()
 8 SYSTEMPATH\CodeIgniter.php(494): CodeIgniter\CodeIgniter->runController(Object(App\Controllers\LibraryController))
 9 SYSTEMPATH\CodeIgniter.php(353): CodeIgniter\CodeIgniter->handleRequest(null, Object(Config\Cache), false)
10 FCPATH\index.php(79): CodeIgniter\CodeIgniter->run()
11 SYSTEMPATH\Commands\Server\rewrite.php(47): require_once('C:\\laragon\\www\\pga\\public\\index.php')
CRITICAL - 2024-02-03 13:50:13 --> include(library/content/addbooks): Failed to open stream: No such file or directory
in APPPATH\Views\library\index.php on line 34.
 1 APPPATH\Views\library\index.php(34): CodeIgniter\Debug\Exceptions->errorHandler(2, 'include(library/content/addbooks): Failed to open stream: No such file or directory', 'C:\\laragon\\www\\pga\\app\\Views\\library\\index.php', 34)
 2 APPPATH\Views\library\index.php(34): include()
 3 SYSTEMPATH\View\View.php(226): include('C:\\laragon\\www\\pga\\app\\Views\\library\\index.php')
 4 SYSTEMPATH\View\View.php(229): CodeIgniter\View\View->CodeIgniter\View\{closure}()
 5 SYSTEMPATH\Common.php(1188): CodeIgniter\View\View->render('library/index', [], true)
 6 APPPATH\Controllers\LibraryController.php(11): view('library/index')
 7 SYSTEMPATH\CodeIgniter.php(919): App\Controllers\LibraryController->index()
 8 SYSTEMPATH\CodeIgniter.php(494): CodeIgniter\CodeIgniter->runController(Object(App\Controllers\LibraryController))
 9 SYSTEMPATH\CodeIgniter.php(353): CodeIgniter\CodeIgniter->handleRequest(null, Object(Config\Cache), false)
10 FCPATH\index.php(79): CodeIgniter\CodeIgniter->run()
11 SYSTEMPATH\Commands\Server\rewrite.php(47): require_once('C:\\laragon\\www\\pga\\public\\index.php')
CRITICAL - 2024-02-03 13:50:13 --> include(library/content/addbooks): Failed to open stream: No such file or directory
in APPPATH\Views\library\index.php on line 34.
 1 APPPATH\Views\library\index.php(34): CodeIgniter\Debug\Exceptions->errorHandler(2, 'include(library/content/addbooks): Failed to open stream: No such file or directory', 'C:\\laragon\\www\\pga\\app\\Views\\library\\index.php', 34)
 2 APPPATH\Views\library\index.php(34): include()
 3 SYSTEMPATH\View\View.php(226): include('C:\\laragon\\www\\pga\\app\\Views\\library\\index.php')
 4 SYSTEMPATH\View\View.php(229): CodeIgniter\View\View->CodeIgniter\View\{closure}()
 5 SYSTEMPATH\Common.php(1188): CodeIgniter\View\View->render('library/index', [], true)
 6 APPPATH\Controllers\LibraryController.php(11): view('library/index')
 7 SYSTEMPATH\CodeIgniter.php(919): App\Controllers\LibraryController->index()
 8 SYSTEMPATH\CodeIgniter.php(494): CodeIgniter\CodeIgniter->runController(Object(App\Controllers\LibraryController))
 9 SYSTEMPATH\CodeIgniter.php(353): CodeIgniter\CodeIgniter->handleRequest(null, Object(Config\Cache), false)
10 FCPATH\index.php(79): CodeIgniter\CodeIgniter->run()
11 SYSTEMPATH\Commands\Server\rewrite.php(47): require_once('C:\\laragon\\www\\pga\\public\\index.php')
CRITICAL - 2024-02-03 13:50:13 --> include(library/content/addbooks): Failed to open stream: No such file or directory
in APPPATH\Views\library\index.php on line 34.
 1 APPPATH\Views\library\index.php(34): CodeIgniter\Debug\Exceptions->errorHandler(2, 'include(library/content/addbooks): Failed to open stream: No such file or directory', 'C:\\laragon\\www\\pga\\app\\Views\\library\\index.php', 34)
 2 APPPATH\Views\library\index.php(34): include()
 3 SYSTEMPATH\View\View.php(226): include('C:\\laragon\\www\\pga\\app\\Views\\library\\index.php')
 4 SYSTEMPATH\View\View.php(229): CodeIgniter\View\View->CodeIgniter\View\{closure}()
 5 SYSTEMPATH\Common.php(1188): CodeIgniter\View\View->render('library/index', [], true)
 6 APPPATH\Controllers\LibraryController.php(11): view('library/index')
 7 SYSTEMPATH\CodeIgniter.php(919): App\Controllers\LibraryController->index()
 8 SYSTEMPATH\CodeIgniter.php(494): CodeIgniter\CodeIgniter->runController(Object(App\Controllers\LibraryController))
 9 SYSTEMPATH\CodeIgniter.php(353): CodeIgniter\CodeIgniter->handleRequest(null, Object(Config\Cache), false)
10 FCPATH\index.php(79): CodeIgniter\CodeIgniter->run()
11 SYSTEMPATH\Commands\Server\rewrite.php(47): require_once('C:\\laragon\\www\\pga\\public\\index.php')
CRITICAL - 2024-02-03 13:50:13 --> include(library/content/addbooks): Failed to open stream: No such file or directory
in APPPATH\Views\library\index.php on line 34.
 1 APPPATH\Views\library\index.php(34): CodeIgniter\Debug\Exceptions->errorHandler(2, 'include(library/content/addbooks): Failed to open stream: No such file or directory', 'C:\\laragon\\www\\pga\\app\\Views\\library\\index.php', 34)
 2 APPPATH\Views\library\index.php(34): include()
 3 SYSTEMPATH\View\View.php(226): include('C:\\laragon\\www\\pga\\app\\Views\\library\\index.php')
 4 SYSTEMPATH\View\View.php(229): CodeIgniter\View\View->CodeIgniter\View\{closure}()
 5 SYSTEMPATH\Common.php(1188): CodeIgniter\View\View->render('library/index', [], true)
 6 APPPATH\Controllers\LibraryController.php(11): view('library/index')
 7 SYSTEMPATH\CodeIgniter.php(919): App\Controllers\LibraryController->index()
 8 SYSTEMPATH\CodeIgniter.php(494): CodeIgniter\CodeIgniter->runController(Object(App\Controllers\LibraryController))
 9 SYSTEMPATH\CodeIgniter.php(353): CodeIgniter\CodeIgniter->handleRequest(null, Object(Config\Cache), false)
10 FCPATH\index.php(79): CodeIgniter\CodeIgniter->run()
11 SYSTEMPATH\Commands\Server\rewrite.php(47): require_once('C:\\laragon\\www\\pga\\public\\index.php')
CRITICAL - 2024-02-03 13:50:14 --> include(library/content/addbooks): Failed to open stream: No such file or directory
in APPPATH\Views\library\index.php on line 34.
 1 APPPATH\Views\library\index.php(34): CodeIgniter\Debug\Exceptions->errorHandler(2, 'include(library/content/addbooks): Failed to open stream: No such file or directory', 'C:\\laragon\\www\\pga\\app\\Views\\library\\index.php', 34)
 2 APPPATH\Views\library\index.php(34): include()
 3 SYSTEMPATH\View\View.php(226): include('C:\\laragon\\www\\pga\\app\\Views\\library\\index.php')
 4 SYSTEMPATH\View\View.php(229): CodeIgniter\View\View->CodeIgniter\View\{closure}()
 5 SYSTEMPATH\Common.php(1188): CodeIgniter\View\View->render('library/index', [], true)
 6 APPPATH\Controllers\LibraryController.php(11): view('library/index')
 7 SYSTEMPATH\CodeIgniter.php(919): App\Controllers\LibraryController->index()
 8 SYSTEMPATH\CodeIgniter.php(494): CodeIgniter\CodeIgniter->runController(Object(App\Controllers\LibraryController))
 9 SYSTEMPATH\CodeIgniter.php(353): CodeIgniter\CodeIgniter->handleRequest(null, Object(Config\Cache), false)
10 FCPATH\index.php(79): CodeIgniter\CodeIgniter->run()
11 SYSTEMPATH\Commands\Server\rewrite.php(47): require_once('C:\\laragon\\www\\pga\\public\\index.php')
CRITICAL - 2024-02-03 13:50:14 --> include(library/content/addbooks): Failed to open stream: No such file or directory
in APPPATH\Views\library\index.php on line 34.
 1 APPPATH\Views\library\index.php(34): CodeIgniter\Debug\Exceptions->errorHandler(2, 'include(library/content/addbooks): Failed to open stream: No such file or directory', 'C:\\laragon\\www\\pga\\app\\Views\\library\\index.php', 34)
 2 APPPATH\Views\library\index.php(34): include()
 3 SYSTEMPATH\View\View.php(226): include('C:\\laragon\\www\\pga\\app\\Views\\library\\index.php')
 4 SYSTEMPATH\View\View.php(229): CodeIgniter\View\View->CodeIgniter\View\{closure}()
 5 SYSTEMPATH\Common.php(1188): CodeIgniter\View\View->render('library/index', [], true)
 6 APPPATH\Controllers\LibraryController.php(11): view('library/index')
 7 SYSTEMPATH\CodeIgniter.php(919): App\Controllers\LibraryController->index()
 8 SYSTEMPATH\CodeIgniter.php(494): CodeIgniter\CodeIgniter->runController(Object(App\Controllers\LibraryController))
 9 SYSTEMPATH\CodeIgniter.php(353): CodeIgniter\CodeIgniter->handleRequest(null, Object(Config\Cache), false)
10 FCPATH\index.php(79): CodeIgniter\CodeIgniter->run()
11 SYSTEMPATH\Commands\Server\rewrite.php(47): require_once('C:\\laragon\\www\\pga\\public\\index.php')
CRITICAL - 2024-02-03 13:50:14 --> include(library/content/addbooks): Failed to open stream: No such file or directory
in APPPATH\Views\library\index.php on line 34.
 1 APPPATH\Views\library\index.php(34): CodeIgniter\Debug\Exceptions->errorHandler(2, 'include(library/content/addbooks): Failed to open stream: No such file or directory', 'C:\\laragon\\www\\pga\\app\\Views\\library\\index.php', 34)
 2 APPPATH\Views\library\index.php(34): include()
 3 SYSTEMPATH\View\View.php(226): include('C:\\laragon\\www\\pga\\app\\Views\\library\\index.php')
 4 SYSTEMPATH\View\View.php(229): CodeIgniter\View\View->CodeIgniter\View\{closure}()
 5 SYSTEMPATH\Common.php(1188): CodeIgniter\View\View->render('library/index', [], true)
 6 APPPATH\Controllers\LibraryController.php(11): view('library/index')
 7 SYSTEMPATH\CodeIgniter.php(919): App\Controllers\LibraryController->index()
 8 SYSTEMPATH\CodeIgniter.php(494): CodeIgniter\CodeIgniter->runController(Object(App\Controllers\LibraryController))
 9 SYSTEMPATH\CodeIgniter.php(353): CodeIgniter\CodeIgniter->handleRequest(null, Object(Config\Cache), false)
10 FCPATH\index.php(79): CodeIgniter\CodeIgniter->run()
11 SYSTEMPATH\Commands\Server\rewrite.php(47): require_once('C:\\laragon\\www\\pga\\public\\index.php')
CRITICAL - 2024-02-03 13:50:14 --> include(library/content/addbooks): Failed to open stream: No such file or directory
in APPPATH\Views\library\index.php on line 34.
 1 APPPATH\Views\library\index.php(34): CodeIgniter\Debug\Exceptions->errorHandler(2, 'include(library/content/addbooks): Failed to open stream: No such file or directory', 'C:\\laragon\\www\\pga\\app\\Views\\library\\index.php', 34)
 2 APPPATH\Views\library\index.php(34): include()
 3 SYSTEMPATH\View\View.php(226): include('C:\\laragon\\www\\pga\\app\\Views\\library\\index.php')
 4 SYSTEMPATH\View\View.php(229): CodeIgniter\View\View->CodeIgniter\View\{closure}()
 5 SYSTEMPATH\Common.php(1188): CodeIgniter\View\View->render('library/index', [], true)
 6 APPPATH\Controllers\LibraryController.php(11): view('library/index')
 7 SYSTEMPATH\CodeIgniter.php(919): App\Controllers\LibraryController->index()
 8 SYSTEMPATH\CodeIgniter.php(494): CodeIgniter\CodeIgniter->runController(Object(App\Controllers\LibraryController))
 9 SYSTEMPATH\CodeIgniter.php(353): CodeIgniter\CodeIgniter->handleRequest(null, Object(Config\Cache), false)
10 FCPATH\index.php(79): CodeIgniter\CodeIgniter->run()
11 SYSTEMPATH\Commands\Server\rewrite.php(47): require_once('C:\\laragon\\www\\pga\\public\\index.php')
