CRITICAL - 2023-11-26 08:32:44 --> Undefined array key "id"
in APPPATH\Controllers\StudentController.php on line 24.
 1 APPPATH\Controllers\StudentController.php(24): CodeIgniter\Debug\Exceptions->errorHandler(2, 'Undefined array key "id"', 'C:\\laragon\\www\\PGA\\app\\Controllers\\StudentController.php', 24)
 2 SYSTEMPATH\CodeIgniter.php(919): App\Controllers\StudentController->save()
 3 SYSTEMPATH\CodeIgniter.php(494): CodeIgniter\CodeIgniter->runController(Object(App\Controllers\StudentController))
 4 SYSTEMPATH\CodeIgniter.php(353): CodeIgniter\CodeIgniter->handleRequest(null, Object(Config\Cache), false)
 5 FCPATH\index.php(79): CodeIgniter\CodeIgniter->run()
 6 SYSTEMPATH\Commands\Server\rewrite.php(47): require_once('C:\\laragon\\www\\PGA\\public\\index.php')
CRITICAL - 2023-11-26 08:36:40 --> Undefined variable $id
in APPPATH\Views\students.php on line 32.
 1 APPPATH\Views\students.php(32): CodeIgniter\Debug\Exceptions->errorHandler(2, 'Undefined variable $id', 'C:\\laragon\\www\\PGA\\app\\Views\\students.php', 32)
 2 SYSTEMPATH\View\View.php(226): include('C:\\laragon\\www\\PGA\\app\\Views\\students.php')
 3 SYSTEMPATH\View\View.php(229): CodeIgniter\View\View->CodeIgniter\View\{closure}()
 4 SYSTEMPATH\Common.php(1188): CodeIgniter\View\View->render('students', [], true)
 5 APPPATH\Controllers\StudentController.php(19): view('students', [...])
 6 SYSTEMPATH\CodeIgniter.php(919): App\Controllers\StudentController->pga()
 7 SYSTEMPATH\CodeIgniter.php(494): CodeIgniter\CodeIgniter->runController(Object(App\Controllers\StudentController))
 8 SYSTEMPATH\CodeIgniter.php(353): CodeIgniter\CodeIgniter->handleRequest(null, Object(Config\Cache), false)
 9 FCPATH\index.php(79): CodeIgniter\CodeIgniter->run()
10 SYSTEMPATH\Commands\Server\rewrite.php(47): require_once('C:\\laragon\\www\\PGA\\public\\index.php')
CRITICAL - 2023-11-26 08:36:43 --> Undefined variable $id
in APPPATH\Views\students.php on line 32.
 1 APPPATH\Views\students.php(32): CodeIgniter\Debug\Exceptions->errorHandler(2, 'Undefined variable $id', 'C:\\laragon\\www\\PGA\\app\\Views\\students.php', 32)
 2 SYSTEMPATH\View\View.php(226): include('C:\\laragon\\www\\PGA\\app\\Views\\students.php')
 3 SYSTEMPATH\View\View.php(229): CodeIgniter\View\View->CodeIgniter\View\{closure}()
 4 SYSTEMPATH\Common.php(1188): CodeIgniter\View\View->render('students', [], true)
 5 APPPATH\Controllers\StudentController.php(19): view('students', [...])
 6 SYSTEMPATH\CodeIgniter.php(919): App\Controllers\StudentController->pga()
 7 SYSTEMPATH\CodeIgniter.php(494): CodeIgniter\CodeIgniter->runController(Object(App\Controllers\StudentController))
 8 SYSTEMPATH\CodeIgniter.php(353): CodeIgniter\CodeIgniter->handleRequest(null, Object(Config\Cache), false)
 9 FCPATH\index.php(79): CodeIgniter\CodeIgniter->run()
10 SYSTEMPATH\Commands\Server\rewrite.php(47): require_once('C:\\laragon\\www\\PGA\\public\\index.php')
CRITICAL - 2023-11-26 08:37:26 --> Undefined variable $id
in APPPATH\Views\students.php on line 32.
 1 APPPATH\Views\students.php(32): CodeIgniter\Debug\Exceptions->errorHandler(2, 'Undefined variable $id', 'C:\\laragon\\www\\PGA\\app\\Views\\students.php', 32)
 2 SYSTEMPATH\View\View.php(226): include('C:\\laragon\\www\\PGA\\app\\Views\\students.php')
 3 SYSTEMPATH\View\View.php(229): CodeIgniter\View\View->CodeIgniter\View\{closure}()
 4 SYSTEMPATH\Common.php(1188): CodeIgniter\View\View->render('students', [], true)
 5 APPPATH\Controllers\StudentController.php(19): view('students', [...])
 6 SYSTEMPATH\CodeIgniter.php(919): App\Controllers\StudentController->pga()
 7 SYSTEMPATH\CodeIgniter.php(494): CodeIgniter\CodeIgniter->runController(Object(App\Controllers\StudentController))
 8 SYSTEMPATH\CodeIgniter.php(353): CodeIgniter\CodeIgniter->handleRequest(null, Object(Config\Cache), false)
 9 FCPATH\index.php(79): CodeIgniter\CodeIgniter->run()
10 SYSTEMPATH\Commands\Server\rewrite.php(47): require_once('C:\\laragon\\www\\PGA\\public\\index.php')
