CRITICAL - 2024-01-07 10:50:16 --> Invalid file: "student/profile.php"
in SYSTEMPATH\Exceptions\FrameworkException.php on line 39.
 1 SYSTEMPATH\View\View.php(214): CodeIgniter\Exceptions\FrameworkException::forInvalidFile('student/profile.php')
 2 SYSTEMPATH\View\View.php(467): CodeIgniter\View\View->render('student/profile', null, true)
 3 APPPATH\Views\library\index.php(39): CodeIgniter\View\View->include('student/profile')
 4 SYSTEMPATH\View\View.php(226): include('C:\\laragon\\www\\pga\\app\\Views\\library\\index.php')
 5 SYSTEMPATH\View\View.php(229): CodeIgniter\View\View->CodeIgniter\View\{closure}()
 6 SYSTEMPATH\Common.php(1188): CodeIgniter\View\View->render('library/index', [], true)
 7 APPPATH\Controllers\LibraryController.php(11): view('library/index')
 8 SYSTEMPATH\CodeIgniter.php(919): App\Controllers\LibraryController->index()
 9 SYSTEMPATH\CodeIgniter.php(494): CodeIgniter\CodeIgniter->runController(Object(App\Controllers\LibraryController))
10 SYSTEMPATH\CodeIgniter.php(353): CodeIgniter\CodeIgniter->handleRequest(null, Object(Config\Cache), false)
11 FCPATH\index.php(79): CodeIgniter\CodeIgniter->run()
12 SYSTEMPATH\Commands\Server\rewrite.php(47): require_once('C:\\laragon\\www\\pga\\public\\index.php')
CRITICAL - 2024-01-07 10:52:15 --> Invalid file: "student/profile.php"
in SYSTEMPATH\Exceptions\FrameworkException.php on line 39.
 1 SYSTEMPATH\View\View.php(214): CodeIgniter\Exceptions\FrameworkException::forInvalidFile('student/profile.php')
 2 SYSTEMPATH\View\View.php(467): CodeIgniter\View\View->render('student/profile', null, true)
 3 APPPATH\Views\library\index.php(39): CodeIgniter\View\View->include('student/profile')
 4 SYSTEMPATH\View\View.php(226): include('C:\\laragon\\www\\pga\\app\\Views\\library\\index.php')
 5 SYSTEMPATH\View\View.php(229): CodeIgniter\View\View->CodeIgniter\View\{closure}()
 6 SYSTEMPATH\Common.php(1188): CodeIgniter\View\View->render('library/index', [], true)
 7 APPPATH\Controllers\LibraryController.php(11): view('library/index')
 8 SYSTEMPATH\CodeIgniter.php(919): App\Controllers\LibraryController->index()
 9 SYSTEMPATH\CodeIgniter.php(494): CodeIgniter\CodeIgniter->runController(Object(App\Controllers\LibraryController))
10 SYSTEMPATH\CodeIgniter.php(353): CodeIgniter\CodeIgniter->handleRequest(null, Object(Config\Cache), false)
11 FCPATH\index.php(79): CodeIgniter\CodeIgniter->run()
12 SYSTEMPATH\Commands\Server\rewrite.php(47): require_once('C:\\laragon\\www\\pga\\public\\index.php')
CRITICAL - 2024-01-07 10:54:27 --> Invalid file: "student/profile.php"
in SYSTEMPATH\Exceptions\FrameworkException.php on line 39.
 1 SYSTEMPATH\View\View.php(214): CodeIgniter\Exceptions\FrameworkException::forInvalidFile('student/profile.php')
 2 SYSTEMPATH\View\View.php(467): CodeIgniter\View\View->render('student/profile', null, true)
 3 APPPATH\Views\library\index.php(39): CodeIgniter\View\View->include('student/profile')
 4 SYSTEMPATH\View\View.php(226): include('C:\\laragon\\www\\pga\\app\\Views\\library\\index.php')
 5 SYSTEMPATH\View\View.php(229): CodeIgniter\View\View->CodeIgniter\View\{closure}()
 6 SYSTEMPATH\Common.php(1188): CodeIgniter\View\View->render('library/index', [], true)
 7 APPPATH\Controllers\LibraryController.php(11): view('library/index')
 8 SYSTEMPATH\CodeIgniter.php(919): App\Controllers\LibraryController->index()
 9 SYSTEMPATH\CodeIgniter.php(494): CodeIgniter\CodeIgniter->runController(Object(App\Controllers\LibraryController))
10 SYSTEMPATH\CodeIgniter.php(353): CodeIgniter\CodeIgniter->handleRequest(null, Object(Config\Cache), false)
11 FCPATH\index.php(79): CodeIgniter\CodeIgniter->run()
12 SYSTEMPATH\Commands\Server\rewrite.php(47): require_once('C:\\laragon\\www\\pga\\public\\index.php')
CRITICAL - 2024-01-07 10:54:28 --> Invalid file: "student/profile.php"
in SYSTEMPATH\Exceptions\FrameworkException.php on line 39.
 1 SYSTEMPATH\View\View.php(214): CodeIgniter\Exceptions\FrameworkException::forInvalidFile('student/profile.php')
 2 SYSTEMPATH\View\View.php(467): CodeIgniter\View\View->render('student/profile', null, true)
 3 APPPATH\Views\library\index.php(39): CodeIgniter\View\View->include('student/profile')
 4 SYSTEMPATH\View\View.php(226): include('C:\\laragon\\www\\pga\\app\\Views\\library\\index.php')
 5 SYSTEMPATH\View\View.php(229): CodeIgniter\View\View->CodeIgniter\View\{closure}()
 6 SYSTEMPATH\Common.php(1188): CodeIgniter\View\View->render('library/index', [], true)
 7 APPPATH\Controllers\LibraryController.php(11): view('library/index')
 8 SYSTEMPATH\CodeIgniter.php(919): App\Controllers\LibraryController->index()
 9 SYSTEMPATH\CodeIgniter.php(494): CodeIgniter\CodeIgniter->runController(Object(App\Controllers\LibraryController))
10 SYSTEMPATH\CodeIgniter.php(353): CodeIgniter\CodeIgniter->handleRequest(null, Object(Config\Cache), false)
11 FCPATH\index.php(79): CodeIgniter\CodeIgniter->run()
12 SYSTEMPATH\Commands\Server\rewrite.php(47): require_once('C:\\laragon\\www\\pga\\public\\index.php')
CRITICAL - 2024-01-07 10:55:06 --> Invalid file: "student/profile.php"
in SYSTEMPATH\Exceptions\FrameworkException.php on line 39.
 1 SYSTEMPATH\View\View.php(214): CodeIgniter\Exceptions\FrameworkException::forInvalidFile('student/profile.php')
 2 SYSTEMPATH\View\View.php(467): CodeIgniter\View\View->render('student/profile', null, true)
 3 APPPATH\Views\library\index.php(39): CodeIgniter\View\View->include('student/profile')
 4 SYSTEMPATH\View\View.php(226): include('C:\\laragon\\www\\pga\\app\\Views\\library\\index.php')
 5 SYSTEMPATH\View\View.php(229): CodeIgniter\View\View->CodeIgniter\View\{closure}()
 6 SYSTEMPATH\Common.php(1188): CodeIgniter\View\View->render('library/index', [], true)
 7 APPPATH\Controllers\LibraryController.php(11): view('library/index')
 8 SYSTEMPATH\CodeIgniter.php(919): App\Controllers\LibraryController->index()
 9 SYSTEMPATH\CodeIgniter.php(494): CodeIgniter\CodeIgniter->runController(Object(App\Controllers\LibraryController))
10 SYSTEMPATH\CodeIgniter.php(353): CodeIgniter\CodeIgniter->handleRequest(null, Object(Config\Cache), false)
11 FCPATH\index.php(79): CodeIgniter\CodeIgniter->run()
12 SYSTEMPATH\Commands\Server\rewrite.php(47): require_once('C:\\laragon\\www\\pga\\public\\index.php')
CRITICAL - 2024-01-07 10:55:26 --> Invalid file: "student/profile.php"
in SYSTEMPATH\Exceptions\FrameworkException.php on line 39.
 1 SYSTEMPATH\View\View.php(214): CodeIgniter\Exceptions\FrameworkException::forInvalidFile('student/profile.php')
 2 SYSTEMPATH\View\View.php(467): CodeIgniter\View\View->render('student/profile', null, true)
 3 APPPATH\Views\library\index.php(39): CodeIgniter\View\View->include('student/profile')
 4 SYSTEMPATH\View\View.php(226): include('C:\\laragon\\www\\pga\\app\\Views\\library\\index.php')
 5 SYSTEMPATH\View\View.php(229): CodeIgniter\View\View->CodeIgniter\View\{closure}()
 6 SYSTEMPATH\Common.php(1188): CodeIgniter\View\View->render('library/index', [], true)
 7 APPPATH\Controllers\LibraryController.php(11): view('library/index')
 8 SYSTEMPATH\CodeIgniter.php(919): App\Controllers\LibraryController->index()
 9 SYSTEMPATH\CodeIgniter.php(494): CodeIgniter\CodeIgniter->runController(Object(App\Controllers\LibraryController))
10 SYSTEMPATH\CodeIgniter.php(353): CodeIgniter\CodeIgniter->handleRequest(null, Object(Config\Cache), false)
11 FCPATH\index.php(79): CodeIgniter\CodeIgniter->run()
12 SYSTEMPATH\Commands\Server\rewrite.php(47): require_once('C:\\laragon\\www\\pga\\public\\index.php')
