CRITICAL - 2023-12-28 06:23:10 --> Undefined variable $data
in APPPATH\Controllers\Home.php on line 9.
 1 APPPATH\Controllers\Home.php(9): CodeIgniter\Debug\Exceptions->errorHandler(2, 'Undefined variable $data', 'C:\\laragon\\www\\pga\\app\\Controllers\\Home.php', 9)
 2 SYSTEMPATH\CodeIgniter.php(919): App\Controllers\Home->index()
 3 SYSTEMPATH\CodeIgniter.php(494): CodeIgniter\CodeIgniter->runController(Object(App\Controllers\Home))
 4 SYSTEMPATH\CodeIgniter.php(353): CodeIgniter\CodeIgniter->handleRequest(null, Object(Config\Cache), false)
 5 FCPATH\index.php(79): CodeIgniter\CodeIgniter->run()
 6 SYSTEMPATH\Commands\Server\rewrite.php(47): require_once('C:\\laragon\\www\\pga\\public\\index.php')
ERROR - 2023-12-28 07:13:19 --> mysqli_sql_exception: Column 'tel_num' cannot be null in C:\laragon\www\pga\system\Database\MySQLi\Connection.php:306
Stack trace:
#0 C:\laragon\www\pga\system\Database\MySQLi\Connection.php(306): mysqli->query('INSERT INTO `en...', 0)
#1 C:\laragon\www\pga\system\Database\BaseConnection.php(692): CodeIgniter\Database\MySQLi\Connection->execute('INSERT INTO `en...')
#2 C:\laragon\www\pga\system\Database\BaseConnection.php(606): CodeIgniter\Database\BaseConnection->simpleQuery('INSERT INTO `en...')
#3 C:\laragon\www\pga\system\Database\BaseBuilder.php(2308): CodeIgniter\Database\BaseConnection->query('INSERT INTO `en...', Array, false)
#4 C:\laragon\www\pga\system\Model.php(319): CodeIgniter\Database\BaseBuilder->insert()
#5 C:\laragon\www\pga\system\BaseModel.php(788): CodeIgniter\Model->doInsert(Array)
#6 C:\laragon\www\pga\system\Model.php(715): CodeIgniter\BaseModel->insert(Array, false)
#7 C:\laragon\www\pga\system\BaseModel.php(698): CodeIgniter\Model->insert(Array, false)
#8 C:\laragon\www\pga\app\Controllers\EnrollmentController.php(67): CodeIgniter\BaseModel->save(Array)
#9 C:\laragon\www\pga\system\CodeIgniter.php(919): App\Controllers\EnrollmentController->save()
#10 C:\laragon\www\pga\system\CodeIgniter.php(494): CodeIgniter\CodeIgniter->runController(Object(App\Controllers\EnrollmentController))
#11 C:\laragon\www\pga\system\CodeIgniter.php(353): CodeIgniter\CodeIgniter->handleRequest(NULL, Object(Config\Cache), false)
#12 C:\laragon\www\pga\public\index.php(79): CodeIgniter\CodeIgniter->run()
#13 C:\laragon\www\pga\system\Commands\Server\rewrite.php(47): require_once('C:\\laragon\\www\\...')
#14 {main}
CRITICAL - 2023-12-28 07:13:19 --> Column 'tel_num' cannot be null
in SYSTEMPATH\Database\BaseConnection.php on line 646.
 1 SYSTEMPATH\Database\BaseBuilder.php(2308): CodeIgniter\Database\BaseConnection->query('INSERT INTO `enrollment` (`first_name`, `middle_name`, `last_name`, `nickname`, `age`, `gender`, `birthdate`, `birthplace`, `address`, `tel_num`, `mobile_num`, `postal_code`, `nationality`, `religion`, `account_id`) VALUES (:first_name:, :middle_name:, :last_name:, :nickname:, :age:, :gender:, :birthdate:, :birthplace:, :address:, :tel_num:, :mobile_num:, :postal_code:, :nationality:, :religion:, :account_id:)', [...], false)
 2 SYSTEMPATH\Model.php(319): CodeIgniter\Database\BaseBuilder->insert()
 3 SYSTEMPATH\BaseModel.php(788): CodeIgniter\Model->doInsert([...])
 4 SYSTEMPATH\Model.php(715): CodeIgniter\BaseModel->insert([...], false)
 5 SYSTEMPATH\BaseModel.php(698): CodeIgniter\Model->insert([...], false)
 6 APPPATH\Controllers\EnrollmentController.php(67): CodeIgniter\BaseModel->save([...])
 7 SYSTEMPATH\CodeIgniter.php(919): App\Controllers\EnrollmentController->save()
 8 SYSTEMPATH\CodeIgniter.php(494): CodeIgniter\CodeIgniter->runController(Object(App\Controllers\EnrollmentController))
 9 SYSTEMPATH\CodeIgniter.php(353): CodeIgniter\CodeIgniter->handleRequest(null, Object(Config\Cache), false)
10 FCPATH\index.php(79): CodeIgniter\CodeIgniter->run()
11 SYSTEMPATH\Commands\Server\rewrite.php(47): require_once('C:\\laragon\\www\\pga\\public\\index.php')
ERROR - 2023-12-28 07:14:31 --> mysqli_sql_exception: Column 'tel_num' cannot be null in C:\laragon\www\pga\system\Database\MySQLi\Connection.php:306
Stack trace:
#0 C:\laragon\www\pga\system\Database\MySQLi\Connection.php(306): mysqli->query('INSERT INTO `en...', 0)
#1 C:\laragon\www\pga\system\Database\BaseConnection.php(692): CodeIgniter\Database\MySQLi\Connection->execute('INSERT INTO `en...')
#2 C:\laragon\www\pga\system\Database\BaseConnection.php(606): CodeIgniter\Database\BaseConnection->simpleQuery('INSERT INTO `en...')
#3 C:\laragon\www\pga\system\Database\BaseBuilder.php(2308): CodeIgniter\Database\BaseConnection->query('INSERT INTO `en...', Array, false)
#4 C:\laragon\www\pga\system\Model.php(319): CodeIgniter\Database\BaseBuilder->insert()
#5 C:\laragon\www\pga\system\BaseModel.php(788): CodeIgniter\Model->doInsert(Array)
#6 C:\laragon\www\pga\system\Model.php(715): CodeIgniter\BaseModel->insert(Array, false)
#7 C:\laragon\www\pga\system\BaseModel.php(698): CodeIgniter\Model->insert(Array, false)
#8 C:\laragon\www\pga\app\Controllers\EnrollmentController.php(67): CodeIgniter\BaseModel->save(Array)
#9 C:\laragon\www\pga\system\CodeIgniter.php(919): App\Controllers\EnrollmentController->save()
#10 C:\laragon\www\pga\system\CodeIgniter.php(494): CodeIgniter\CodeIgniter->runController(Object(App\Controllers\EnrollmentController))
#11 C:\laragon\www\pga\system\CodeIgniter.php(353): CodeIgniter\CodeIgniter->handleRequest(NULL, Object(Config\Cache), false)
#12 C:\laragon\www\pga\public\index.php(79): CodeIgniter\CodeIgniter->run()
#13 C:\laragon\www\pga\system\Commands\Server\rewrite.php(47): require_once('C:\\laragon\\www\\...')
#14 {main}
CRITICAL - 2023-12-28 07:14:31 --> Column 'tel_num' cannot be null
in SYSTEMPATH\Database\BaseConnection.php on line 646.
 1 SYSTEMPATH\Database\BaseBuilder.php(2308): CodeIgniter\Database\BaseConnection->query('INSERT INTO `enrollment` (`first_name`, `middle_name`, `last_name`, `nickname`, `age`, `gender`, `birthdate`, `birthplace`, `address`, `tel_num`, `mobile_num`, `postal_code`, `nationality`, `religion`, `account_id`) VALUES (:first_name:, :middle_name:, :last_name:, :nickname:, :age:, :gender:, :birthdate:, :birthplace:, :address:, :tel_num:, :mobile_num:, :postal_code:, :nationality:, :religion:, :account_id:)', [...], false)
 2 SYSTEMPATH\Model.php(319): CodeIgniter\Database\BaseBuilder->insert()
 3 SYSTEMPATH\BaseModel.php(788): CodeIgniter\Model->doInsert([...])
 4 SYSTEMPATH\Model.php(715): CodeIgniter\BaseModel->insert([...], false)
 5 SYSTEMPATH\BaseModel.php(698): CodeIgniter\Model->insert([...], false)
 6 APPPATH\Controllers\EnrollmentController.php(67): CodeIgniter\BaseModel->save([...])
 7 SYSTEMPATH\CodeIgniter.php(919): App\Controllers\EnrollmentController->save()
 8 SYSTEMPATH\CodeIgniter.php(494): CodeIgniter\CodeIgniter->runController(Object(App\Controllers\EnrollmentController))
 9 SYSTEMPATH\CodeIgniter.php(353): CodeIgniter\CodeIgniter->handleRequest(null, Object(Config\Cache), false)
10 FCPATH\index.php(79): CodeIgniter\CodeIgniter->run()
11 SYSTEMPATH\Commands\Server\rewrite.php(47): require_once('C:\\laragon\\www\\pga\\public\\index.php')
ERROR - 2023-12-28 07:15:14 --> mysqli_sql_exception: Column 'tel_num' cannot be null in C:\laragon\www\pga\system\Database\MySQLi\Connection.php:306
Stack trace:
#0 C:\laragon\www\pga\system\Database\MySQLi\Connection.php(306): mysqli->query('INSERT INTO `en...', 0)
#1 C:\laragon\www\pga\system\Database\BaseConnection.php(692): CodeIgniter\Database\MySQLi\Connection->execute('INSERT INTO `en...')
#2 C:\laragon\www\pga\system\Database\BaseConnection.php(606): CodeIgniter\Database\BaseConnection->simpleQuery('INSERT INTO `en...')
#3 C:\laragon\www\pga\system\Database\BaseBuilder.php(2308): CodeIgniter\Database\BaseConnection->query('INSERT INTO `en...', Array, false)
#4 C:\laragon\www\pga\system\Model.php(319): CodeIgniter\Database\BaseBuilder->insert()
#5 C:\laragon\www\pga\system\BaseModel.php(788): CodeIgniter\Model->doInsert(Array)
#6 C:\laragon\www\pga\system\Model.php(715): CodeIgniter\BaseModel->insert(Array, false)
#7 C:\laragon\www\pga\system\BaseModel.php(698): CodeIgniter\Model->insert(Array, false)
#8 C:\laragon\www\pga\app\Controllers\EnrollmentController.php(67): CodeIgniter\BaseModel->save(Array)
#9 C:\laragon\www\pga\system\CodeIgniter.php(919): App\Controllers\EnrollmentController->save()
#10 C:\laragon\www\pga\system\CodeIgniter.php(494): CodeIgniter\CodeIgniter->runController(Object(App\Controllers\EnrollmentController))
#11 C:\laragon\www\pga\system\CodeIgniter.php(353): CodeIgniter\CodeIgniter->handleRequest(NULL, Object(Config\Cache), false)
#12 C:\laragon\www\pga\public\index.php(79): CodeIgniter\CodeIgniter->run()
#13 C:\laragon\www\pga\system\Commands\Server\rewrite.php(47): require_once('C:\\laragon\\www\\...')
#14 {main}
CRITICAL - 2023-12-28 07:15:14 --> Column 'tel_num' cannot be null
in SYSTEMPATH\Database\BaseConnection.php on line 646.
 1 SYSTEMPATH\Database\BaseBuilder.php(2308): CodeIgniter\Database\BaseConnection->query('INSERT INTO `enrollment` (`first_name`, `middle_name`, `last_name`, `nickname`, `age`, `gender`, `birthdate`, `birthplace`, `address`, `tel_num`, `mobile_num`, `postal_code`, `nationality`, `religion`, `account_id`) VALUES (:first_name:, :middle_name:, :last_name:, :nickname:, :age:, :gender:, :birthdate:, :birthplace:, :address:, :tel_num:, :mobile_num:, :postal_code:, :nationality:, :religion:, :account_id:)', [...], false)
 2 SYSTEMPATH\Model.php(319): CodeIgniter\Database\BaseBuilder->insert()
 3 SYSTEMPATH\BaseModel.php(788): CodeIgniter\Model->doInsert([...])
 4 SYSTEMPATH\Model.php(715): CodeIgniter\BaseModel->insert([...], false)
 5 SYSTEMPATH\BaseModel.php(698): CodeIgniter\Model->insert([...], false)
 6 APPPATH\Controllers\EnrollmentController.php(67): CodeIgniter\BaseModel->save([...])
 7 SYSTEMPATH\CodeIgniter.php(919): App\Controllers\EnrollmentController->save()
 8 SYSTEMPATH\CodeIgniter.php(494): CodeIgniter\CodeIgniter->runController(Object(App\Controllers\EnrollmentController))
 9 SYSTEMPATH\CodeIgniter.php(353): CodeIgniter\CodeIgniter->handleRequest(null, Object(Config\Cache), false)
10 FCPATH\index.php(79): CodeIgniter\CodeIgniter->run()
11 SYSTEMPATH\Commands\Server\rewrite.php(47): require_once('C:\\laragon\\www\\pga\\public\\index.php')
CRITICAL - 2023-12-28 10:17:44 --> Undefined variable $teach
in APPPATH\Views\admin\content\student\enroll.php on line 360.
 1 APPPATH\Views\admin\content\student\enroll.php(360): CodeIgniter\Debug\Exceptions->errorHandler(2, 'Undefined variable $teach', 'C:\\laragon\\www\\pga\\app\\Views\\admin\\content\\student\\enroll.php', 360)
 2 SYSTEMPATH\View\View.php(226): include('C:\\laragon\\www\\pga\\app\\Views\\admin\\content\\student\\enroll.php')
 3 SYSTEMPATH\View\View.php(229): CodeIgniter\View\View->CodeIgniter\View\{closure}()
 4 SYSTEMPATH\Common.php(1188): CodeIgniter\View\View->render('admin/content/student/enroll', [], true)
 5 APPPATH\Controllers\AdminController.php(158): view('admin/content/student/enroll', [...])
 6 SYSTEMPATH\CodeIgniter.php(919): App\Controllers\AdminController->enroll()
 7 SYSTEMPATH\CodeIgniter.php(494): CodeIgniter\CodeIgniter->runController(Object(App\Controllers\AdminController))
 8 SYSTEMPATH\CodeIgniter.php(353): CodeIgniter\CodeIgniter->handleRequest(null, Object(Config\Cache), false)
 9 FCPATH\index.php(79): CodeIgniter\CodeIgniter->run()
10 SYSTEMPATH\Commands\Server\rewrite.php(47): require_once('C:\\laragon\\www\\pga\\public\\index.php')
