CRITICAL - 2023-12-17 02:40:42 --> Undefined variable $teacher
in APPPATH\Views\admin\content\teacher\addteacher.php on line 94.
 1 APPPATH\Views\admin\content\teacher\addteacher.php(94): CodeIgniter\Debug\Exceptions->errorHandler(2, 'Undefined variable $teacher', 'C:\\laragon\\www\\pga\\app\\Views\\admin\\content\\teacher\\addteacher.php', 94)
 2 SYSTEMPATH\View\View.php(226): include('C:\\laragon\\www\\pga\\app\\Views\\admin\\content\\teacher\\addteacher.php')
 3 SYSTEMPATH\View\View.php(229): CodeIgniter\View\View->CodeIgniter\View\{closure}()
 4 SYSTEMPATH\Common.php(1188): CodeIgniter\View\View->render('admin/content/teacher/addteacher', [], true)
 5 APPPATH\Controllers\TeacherController.php(39): view('admin/content/teacher/addteacher')
 6 SYSTEMPATH\CodeIgniter.php(919): App\Controllers\TeacherController->save()
 7 SYSTEMPATH\CodeIgniter.php(494): CodeIgniter\CodeIgniter->runController(Object(App\Controllers\TeacherController))
 8 SYSTEMPATH\CodeIgniter.php(353): CodeIgniter\CodeIgniter->handleRequest(null, Object(Config\Cache), false)
 9 FCPATH\index.php(79): CodeIgniter\CodeIgniter->run()
10 SYSTEMPATH\Commands\Server\rewrite.php(47): require_once('C:\\laragon\\www\\pga\\public\\index.php')
CRITICAL - 2023-12-17 02:43:33 --> Undefined array key "$teach"
in APPPATH\Controllers\TeacherController.php on line 43.
 1 APPPATH\Controllers\TeacherController.php(43): CodeIgniter\Debug\Exceptions->errorHandler(2, 'Undefined array key "$teach"', 'C:\\laragon\\www\\pga\\app\\Controllers\\TeacherController.php', 43)
 2 SYSTEMPATH\CodeIgniter.php(919): App\Controllers\TeacherController->save()
 3 SYSTEMPATH\CodeIgniter.php(494): CodeIgniter\CodeIgniter->runController(Object(App\Controllers\TeacherController))
 4 SYSTEMPATH\CodeIgniter.php(353): CodeIgniter\CodeIgniter->handleRequest(null, Object(Config\Cache), false)
 5 FCPATH\index.php(79): CodeIgniter\CodeIgniter->run()
 6 SYSTEMPATH\Commands\Server\rewrite.php(47): require_once('C:\\laragon\\www\\pga\\public\\index.php')
CRITICAL - 2023-12-17 03:07:40 --> Undefined array key "mname"
in APPPATH\Views\admin\content\teacher\addteacher.php on line 36.
 1 APPPATH\Views\admin\content\teacher\addteacher.php(36): CodeIgniter\Debug\Exceptions->errorHandler(2, 'Undefined array key "mname"', 'C:\\laragon\\www\\pga\\app\\Views\\admin\\content\\teacher\\addteacher.php', 36)
 2 SYSTEMPATH\View\View.php(226): include('C:\\laragon\\www\\pga\\app\\Views\\admin\\content\\teacher\\addteacher.php')
 3 SYSTEMPATH\View\View.php(229): CodeIgniter\View\View->CodeIgniter\View\{closure}()
 4 SYSTEMPATH\Common.php(1188): CodeIgniter\View\View->render('admin/content/teacher/addteacher', [], true)
 5 APPPATH\Controllers\TeacherController.php(20): view('admin/content/teacher/addteacher', [...])
 6 SYSTEMPATH\CodeIgniter.php(919): App\Controllers\TeacherController->addTeacher()
 7 SYSTEMPATH\CodeIgniter.php(494): CodeIgniter\CodeIgniter->runController(Object(App\Controllers\TeacherController))
 8 SYSTEMPATH\CodeIgniter.php(353): CodeIgniter\CodeIgniter->handleRequest(null, Object(Config\Cache), false)
 9 FCPATH\index.php(79): CodeIgniter\CodeIgniter->run()
10 SYSTEMPATH\Commands\Server\rewrite.php(47): require_once('C:\\laragon\\www\\pga\\public\\index.php')
CRITICAL - 2023-12-17 03:13:10 --> Invalid file: "addteacher.php"
in SYSTEMPATH\Exceptions\FrameworkException.php on line 39.
 1 SYSTEMPATH\View\View.php(214): CodeIgniter\Exceptions\FrameworkException::forInvalidFile('addteacher.php')
 2 SYSTEMPATH\Common.php(1188): CodeIgniter\View\View->render('addteacher', [], true)
 3 APPPATH\Controllers\TeacherController.php(66): view('addteacher', [...])
 4 SYSTEMPATH\CodeIgniter.php(919): App\Controllers\TeacherController->edit('15')
 5 SYSTEMPATH\CodeIgniter.php(494): CodeIgniter\CodeIgniter->runController(Object(App\Controllers\TeacherController))
 6 SYSTEMPATH\CodeIgniter.php(353): CodeIgniter\CodeIgniter->handleRequest(null, Object(Config\Cache), false)
 7 FCPATH\index.php(79): CodeIgniter\CodeIgniter->run()
 8 SYSTEMPATH\Commands\Server\rewrite.php(47): require_once('C:\\laragon\\www\\pga\\public\\index.php')
CRITICAL - 2023-12-17 03:47:44 --> Call to undefined function set_value()
in APPPATH\Views\logreg\reg\register.php on line 12.
 1 SYSTEMPATH\View\View.php(226): include()
 2 SYSTEMPATH\View\View.php(229): CodeIgniter\View\View->CodeIgniter\View\{closure}()
 3 SYSTEMPATH\Common.php(1188): CodeIgniter\View\View->render('logreg/reg/register', [], true)
 4 APPPATH\Controllers\Home.php(17): view('logreg/reg/register')
 5 SYSTEMPATH\CodeIgniter.php(919): App\Controllers\Home->reg()
 6 SYSTEMPATH\CodeIgniter.php(494): CodeIgniter\CodeIgniter->runController(Object(App\Controllers\Home))
 7 SYSTEMPATH\CodeIgniter.php(353): CodeIgniter\CodeIgniter->handleRequest(null, Object(Config\Cache), false)
 8 FCPATH\index.php(79): CodeIgniter\CodeIgniter->run()
 9 SYSTEMPATH\Commands\Server\rewrite.php(47): require_once('C:\\laragon\\www\\pga\\public\\index.php')
CRITICAL - 2023-12-17 03:50:05 --> Call to undefined function set_value()
in APPPATH\Views\logreg\reg\register.php on line 12.
 1 SYSTEMPATH\View\View.php(226): include()
 2 SYSTEMPATH\View\View.php(229): CodeIgniter\View\View->CodeIgniter\View\{closure}()
 3 SYSTEMPATH\Common.php(1188): CodeIgniter\View\View->render('logreg/reg/register', [], true)
 4 APPPATH\Controllers\Home.php(17): view('logreg/reg/register')
 5 SYSTEMPATH\CodeIgniter.php(919): App\Controllers\Home->reg()
 6 SYSTEMPATH\CodeIgniter.php(494): CodeIgniter\CodeIgniter->runController(Object(App\Controllers\Home))
 7 SYSTEMPATH\CodeIgniter.php(353): CodeIgniter\CodeIgniter->handleRequest(null, Object(Config\Cache), false)
 8 FCPATH\index.php(79): CodeIgniter\CodeIgniter->run()
 9 SYSTEMPATH\Commands\Server\rewrite.php(47): require_once('C:\\laragon\\www\\pga\\public\\index.php')
CRITICAL - 2023-12-17 04:01:51 --> Call to undefined function set_value()
in APPPATH\Views\logreg\reg\register.php on line 12.
 1 SYSTEMPATH\View\View.php(226): include()
 2 SYSTEMPATH\View\View.php(229): CodeIgniter\View\View->CodeIgniter\View\{closure}()
 3 SYSTEMPATH\Common.php(1188): CodeIgniter\View\View->render('logreg/reg/register', [], true)
 4 APPPATH\Controllers\Home.php(17): view('logreg/reg/register')
 5 SYSTEMPATH\CodeIgniter.php(919): App\Controllers\Home->reg()
 6 SYSTEMPATH\CodeIgniter.php(494): CodeIgniter\CodeIgniter->runController(Object(App\Controllers\Home))
 7 SYSTEMPATH\CodeIgniter.php(353): CodeIgniter\CodeIgniter->handleRequest(null, Object(Config\Cache), false)
 8 FCPATH\index.php(79): CodeIgniter\CodeIgniter->run()
 9 SYSTEMPATH\Commands\Server\rewrite.php(47): require_once('C:\\laragon\\www\\pga\\public\\index.php')
CRITICAL - 2023-12-17 04:03:01 --> Call to undefined function set_value()
in APPPATH\Views\logreg\reg\register.php on line 23.
 1 SYSTEMPATH\View\View.php(226): include()
 2 SYSTEMPATH\View\View.php(229): CodeIgniter\View\View->CodeIgniter\View\{closure}()
 3 SYSTEMPATH\Common.php(1188): CodeIgniter\View\View->render('logreg/reg/register', [], true)
 4 APPPATH\Controllers\Home.php(17): view('logreg/reg/register')
 5 SYSTEMPATH\CodeIgniter.php(919): App\Controllers\Home->reg()
 6 SYSTEMPATH\CodeIgniter.php(494): CodeIgniter\CodeIgniter->runController(Object(App\Controllers\Home))
 7 SYSTEMPATH\CodeIgniter.php(353): CodeIgniter\CodeIgniter->handleRequest(null, Object(Config\Cache), false)
 8 FCPATH\index.php(79): CodeIgniter\CodeIgniter->run()
 9 SYSTEMPATH\Commands\Server\rewrite.php(47): require_once('C:\\laragon\\www\\pga\\public\\index.php')
CRITICAL - 2023-12-17 04:04:15 --> Call to undefined function set_value()
in APPPATH\Views\logreg\reg\register.php on line 23.
 1 SYSTEMPATH\View\View.php(226): include()
 2 SYSTEMPATH\View\View.php(229): CodeIgniter\View\View->CodeIgniter\View\{closure}()
 3 SYSTEMPATH\Common.php(1188): CodeIgniter\View\View->render('logreg/reg/register', [], true)
 4 APPPATH\Controllers\Home.php(17): view('logreg/reg/register')
 5 SYSTEMPATH\CodeIgniter.php(919): App\Controllers\Home->reg()
 6 SYSTEMPATH\CodeIgniter.php(494): CodeIgniter\CodeIgniter->runController(Object(App\Controllers\Home))
 7 SYSTEMPATH\CodeIgniter.php(353): CodeIgniter\CodeIgniter->handleRequest(null, Object(Config\Cache), false)
 8 FCPATH\index.php(79): CodeIgniter\CodeIgniter->run()
 9 SYSTEMPATH\Commands\Server\rewrite.php(47): require_once('C:\\laragon\\www\\pga\\public\\index.php')
ERROR - 2023-12-17 04:15:55 --> mysqli_sql_exception: Table 'pga.table_register' doesn't exist in C:\laragon\www\pga\system\Database\MySQLi\Connection.php:306
Stack trace:
#0 C:\laragon\www\pga\system\Database\MySQLi\Connection.php(306): mysqli->query('SELECT 1\nFROM `...', 0)
#1 C:\laragon\www\pga\system\Database\BaseConnection.php(692): CodeIgniter\Database\MySQLi\Connection->execute('SELECT 1\nFROM `...')
#2 C:\laragon\www\pga\system\Database\BaseConnection.php(606): CodeIgniter\Database\BaseConnection->simpleQuery('SELECT 1\nFROM `...')
#3 C:\laragon\www\pga\system\Database\BaseBuilder.php(1615): CodeIgniter\Database\BaseConnection->query('SELECT 1\nFROM `...', Array, false)
#4 C:\laragon\www\pga\system\Validation\StrictRules\Rules.php(206): CodeIgniter\Database\BaseBuilder->get()
#5 C:\laragon\www\pga\system\Validation\Validation.php(309): CodeIgniter\Validation\StrictRules\Rules->is_unique('papa@gmail.com', 'email', Array, NULL, 'email')
#6 C:\laragon\www\pga\system\Validation\Validation.php(195): CodeIgniter\Validation\Validation->processRules('email', 'email', 'papa@gmail.com', Array, Array)
#7 C:\laragon\www\pga\system\Controller.php(150): CodeIgniter\Validation\Validation->run()
#8 C:\laragon\www\pga\app\Controllers\StudentController.php(23): CodeIgniter\Controller->validate(Array)
#9 C:\laragon\www\pga\system\CodeIgniter.php(919): App\Controllers\StudentController->register()
#10 C:\laragon\www\pga\system\CodeIgniter.php(494): CodeIgniter\CodeIgniter->runController(Object(App\Controllers\StudentController))
#11 C:\laragon\www\pga\system\CodeIgniter.php(353): CodeIgniter\CodeIgniter->handleRequest(NULL, Object(Config\Cache), false)
#12 C:\laragon\www\pga\public\index.php(79): CodeIgniter\CodeIgniter->run()
#13 C:\laragon\www\pga\system\Commands\Server\rewrite.php(47): require_once('C:\\laragon\\www\\...')
#14 {main}
CRITICAL - 2023-12-17 04:15:55 --> Table 'pga.table_register' doesn't exist
in SYSTEMPATH\Database\BaseConnection.php on line 646.
 1 SYSTEMPATH\Database\BaseBuilder.php(1615): CodeIgniter\Database\BaseConnection->query('SELECT 1
FROM `table_register`
WHERE `email` = :email:
 LIMIT 1', [...], false)
 2 SYSTEMPATH\Validation\StrictRules\Rules.php(206): CodeIgniter\Database\BaseBuilder->get()
 3 SYSTEMPATH\Validation\Validation.php(309): CodeIgniter\Validation\StrictRules\Rules->is_unique('papa@gmail.com', 'email', [...], null, 'email')
 4 SYSTEMPATH\Validation\Validation.php(195): CodeIgniter\Validation\Validation->processRules('email', 'email', 'papa@gmail.com', [...], [...])
 5 SYSTEMPATH\Controller.php(150): CodeIgniter\Validation\Validation->run()
 6 APPPATH\Controllers\StudentController.php(23): CodeIgniter\Controller->validate([...])
 7 SYSTEMPATH\CodeIgniter.php(919): App\Controllers\StudentController->register()
 8 SYSTEMPATH\CodeIgniter.php(494): CodeIgniter\CodeIgniter->runController(Object(App\Controllers\StudentController))
 9 SYSTEMPATH\CodeIgniter.php(353): CodeIgniter\CodeIgniter->handleRequest(null, Object(Config\Cache), false)
10 FCPATH\index.php(79): CodeIgniter\CodeIgniter->run()
11 SYSTEMPATH\Commands\Server\rewrite.php(47): require_once('C:\\laragon\\www\\pga\\public\\index.php')
CRITICAL - 2023-12-17 04:16:17 --> Class "App\Controllers\AccountModel" not found
in APPPATH\Controllers\StudentController.php on line 24.
 1 SYSTEMPATH\CodeIgniter.php(919): App\Controllers\StudentController->register()
 2 SYSTEMPATH\CodeIgniter.php(494): CodeIgniter\CodeIgniter->runController(Object(App\Controllers\StudentController))
 3 SYSTEMPATH\CodeIgniter.php(353): CodeIgniter\CodeIgniter->handleRequest(null, Object(Config\Cache), false)
 4 FCPATH\index.php(79): CodeIgniter\CodeIgniter->run()
 5 SYSTEMPATH\Commands\Server\rewrite.php(47): require_once('C:\\laragon\\www\\pga\\public\\index.php')
CRITICAL - 2023-12-17 04:44:22 --> Class "App\Controllers\AccountModel" not found
in APPPATH\Controllers\Home.php on line 36.
 1 SYSTEMPATH\CodeIgniter.php(919): App\Controllers\Home->LoginAuth()
 2 SYSTEMPATH\CodeIgniter.php(494): CodeIgniter\CodeIgniter->runController(Object(App\Controllers\Home))
 3 SYSTEMPATH\CodeIgniter.php(353): CodeIgniter\CodeIgniter->handleRequest(null, Object(Config\Cache), false)
 4 FCPATH\index.php(79): CodeIgniter\CodeIgniter->run()
 5 SYSTEMPATH\Commands\Server\rewrite.php(47): require_once('C:\\laragon\\www\\pga\\public\\index.php')
CRITICAL - 2023-12-17 04:56:28 --> App\Controllers\Home::index(): Return value must be of type string, CodeIgniter\HTTP\RedirectResponse returned
in APPPATH\Controllers\Home.php on line 10.
 1 SYSTEMPATH\CodeIgniter.php(919): App\Controllers\Home->index()
 2 SYSTEMPATH\CodeIgniter.php(494): CodeIgniter\CodeIgniter->runController(Object(App\Controllers\Home))
 3 SYSTEMPATH\CodeIgniter.php(353): CodeIgniter\CodeIgniter->handleRequest(null, Object(Config\Cache), false)
 4 FCPATH\index.php(79): CodeIgniter\CodeIgniter->run()
 5 SYSTEMPATH\Commands\Server\rewrite.php(47): require_once('C:\\laragon\\www\\pga\\public\\index.php')
CRITICAL - 2023-12-17 05:15:45 --> Undefined variable $currentuser
in APPPATH\Views\teacher\body.php on line 10.
 1 APPPATH\Views\teacher\body.php(10): CodeIgniter\Debug\Exceptions->errorHandler(2, 'Undefined variable $currentuser', 'C:\\laragon\\www\\pga\\app\\Views\\teacher\\body.php', 10)
 2 SYSTEMPATH\View\View.php(226): include('C:\\laragon\\www\\pga\\app\\Views\\teacher\\body.php')
 3 SYSTEMPATH\View\View.php(229): CodeIgniter\View\View->CodeIgniter\View\{closure}()
 4 SYSTEMPATH\View\View.php(467): CodeIgniter\View\View->render('teacher/body', null, true)
 5 APPPATH\Views\teacher.php(4): CodeIgniter\View\View->include('teacher/body')
 6 SYSTEMPATH\View\View.php(226): include('C:\\laragon\\www\\pga\\app\\Views\\teacher.php')
 7 SYSTEMPATH\View\View.php(229): CodeIgniter\View\View->CodeIgniter\View\{closure}()
 8 SYSTEMPATH\Common.php(1188): CodeIgniter\View\View->render('teacher', [], true)
 9 APPPATH\Controllers\TeacherController.php(74): view('teacher')
10 SYSTEMPATH\CodeIgniter.php(919): App\Controllers\TeacherController->teacher()
11 SYSTEMPATH\CodeIgniter.php(494): CodeIgniter\CodeIgniter->runController(Object(App\Controllers\TeacherController))
12 SYSTEMPATH\CodeIgniter.php(353): CodeIgniter\CodeIgniter->handleRequest(null, Object(Config\Cache), false)
13 FCPATH\index.php(79): CodeIgniter\CodeIgniter->run()
14 SYSTEMPATH\Commands\Server\rewrite.php(47): require_once('C:\\laragon\\www\\pga\\public\\index.php')
