CRITICAL - 2024-02-04 12:20:16 --> Class "App\Models\LibraryModel" not found
in APPPATH\Controllers\LibraryController.php on line 23.
 1 SYSTEMPATH\CodeIgniter.php(919): App\Controllers\LibraryController->saveData()
 2 SYSTEMPATH\CodeIgniter.php(494): CodeIgniter\CodeIgniter->runController(Object(App\Controllers\LibraryController))
 3 SYSTEMPATH\CodeIgniter.php(353): CodeIgniter\CodeIgniter->handleRequest(null, Object(Config\Cache), false)
 4 FCPATH\index.php(79): CodeIgniter\CodeIgniter->run()
 5 SYSTEMPATH\Commands\Server\rewrite.php(47): require_once('C:\\laragon\\www\\pga\\public\\index.php')
CRITICAL - 2024-02-04 13:45:41 --> Invalid file: "admin/cssJS/head.php"
in SYSTEMPATH\Exceptions\FrameworkException.php on line 39.
 1 SYSTEMPATH\View\View.php(214): CodeIgniter\Exceptions\FrameworkException::forInvalidFile('admin/cssJS/head.php')
 2 SYSTEMPATH\View\View.php(467): CodeIgniter\View\View->render('admin/cssJS/head', null, true)
 3 APPPATH\Views\admin.php(1): CodeIgniter\View\View->include('admin/cssJS/head')
 4 SYSTEMPATH\View\View.php(226): include('C:\\laragon\\www\\pga\\app\\Views\\admin.php')
 5 SYSTEMPATH\View\View.php(229): CodeIgniter\View\View->CodeIgniter\View\{closure}()
 6 SYSTEMPATH\Common.php(1188): CodeIgniter\View\View->render('admin', [], true)
 7 APPPATH\Controllers\AdminController.php(26): view('admin', [...])
 8 SYSTEMPATH\CodeIgniter.php(919): App\Controllers\AdminController->index()
 9 SYSTEMPATH\CodeIgniter.php(494): CodeIgniter\CodeIgniter->runController(Object(App\Controllers\AdminController))
10 SYSTEMPATH\CodeIgniter.php(353): CodeIgniter\CodeIgniter->handleRequest(null, Object(Config\Cache), false)
11 FCPATH\index.php(79): CodeIgniter\CodeIgniter->run()
12 SYSTEMPATH\Commands\Server\rewrite.php(47): require_once('C:\\laragon\\www\\pga\\public\\index.php')
CRITICAL - 2024-02-04 13:52:33 --> There is no data to insert.
in SYSTEMPATH\BaseModel.php on line 768.
 1 SYSTEMPATH\BaseModel.php(768): CodeIgniter\Database\Exceptions\DataException::forEmptyDataset('insert')
 2 SYSTEMPATH\Model.php(715): CodeIgniter\BaseModel->insert([], true)
 3 APPPATH\Controllers\AdminController.php(88): CodeIgniter\Model->insert([...])
 4 SYSTEMPATH\CodeIgniter.php(919): App\Controllers\AdminController->save()
 5 SYSTEMPATH\CodeIgniter.php(494): CodeIgniter\CodeIgniter->runController(Object(App\Controllers\AdminController))
 6 SYSTEMPATH\CodeIgniter.php(353): CodeIgniter\CodeIgniter->handleRequest(null, Object(Config\Cache), false)
 7 FCPATH\index.php(79): CodeIgniter\CodeIgniter->run()
 8 SYSTEMPATH\Commands\Server\rewrite.php(47): require_once('C:\\laragon\\www\\pga\\public\\index.php')
CRITICAL - 2024-02-04 13:53:33 --> There is no data to insert.
in SYSTEMPATH\BaseModel.php on line 768.
 1 SYSTEMPATH\BaseModel.php(768): CodeIgniter\Database\Exceptions\DataException::forEmptyDataset('insert')
 2 SYSTEMPATH\Model.php(715): CodeIgniter\BaseModel->insert([], false)
 3 SYSTEMPATH\BaseModel.php(698): CodeIgniter\Model->insert([...], false)
 4 APPPATH\Controllers\AdminController.php(88): CodeIgniter\BaseModel->save([...])
 5 SYSTEMPATH\CodeIgniter.php(919): App\Controllers\AdminController->save()
 6 SYSTEMPATH\CodeIgniter.php(494): CodeIgniter\CodeIgniter->runController(Object(App\Controllers\AdminController))
 7 SYSTEMPATH\CodeIgniter.php(353): CodeIgniter\CodeIgniter->handleRequest(null, Object(Config\Cache), false)
 8 FCPATH\index.php(79): CodeIgniter\CodeIgniter->run()
 9 SYSTEMPATH\Commands\Server\rewrite.php(47): require_once('C:\\laragon\\www\\pga\\public\\index.php')
CRITICAL - 2024-02-04 13:53:37 --> There is no data to insert.
in SYSTEMPATH\BaseModel.php on line 768.
 1 SYSTEMPATH\BaseModel.php(768): CodeIgniter\Database\Exceptions\DataException::forEmptyDataset('insert')
 2 SYSTEMPATH\Model.php(715): CodeIgniter\BaseModel->insert([], false)
 3 SYSTEMPATH\BaseModel.php(698): CodeIgniter\Model->insert([...], false)
 4 APPPATH\Controllers\AdminController.php(88): CodeIgniter\BaseModel->save([...])
 5 SYSTEMPATH\CodeIgniter.php(919): App\Controllers\AdminController->save()
 6 SYSTEMPATH\CodeIgniter.php(494): CodeIgniter\CodeIgniter->runController(Object(App\Controllers\AdminController))
 7 SYSTEMPATH\CodeIgniter.php(353): CodeIgniter\CodeIgniter->handleRequest(null, Object(Config\Cache), false)
 8 FCPATH\index.php(79): CodeIgniter\CodeIgniter->run()
 9 SYSTEMPATH\Commands\Server\rewrite.php(47): require_once('C:\\laragon\\www\\pga\\public\\index.php')
CRITICAL - 2024-02-04 13:55:56 --> CodeIgniter\HTTP\RedirectResponse::to(): Argument #2 ($code) must be of type ?int, array given, called in C:\laragon\www\pga\app\Controllers\AdminController.php on line 87
in SYSTEMPATH\HTTP\RedirectResponse.php on line 32.
 1 APPPATH\Controllers\AdminController.php(87): CodeIgniter\HTTP\RedirectResponse->to('//saveteacher?status=success', [...])
 2 SYSTEMPATH\CodeIgniter.php(919): App\Controllers\AdminController->save()
 3 SYSTEMPATH\CodeIgniter.php(494): CodeIgniter\CodeIgniter->runController(Object(App\Controllers\AdminController))
 4 SYSTEMPATH\CodeIgniter.php(353): CodeIgniter\CodeIgniter->handleRequest(null, Object(Config\Cache), false)
 5 FCPATH\index.php(79): CodeIgniter\CodeIgniter->run()
 6 SYSTEMPATH\Commands\Server\rewrite.php(47): require_once('C:\\laragon\\www\\pga\\public\\index.php')
CRITICAL - 2024-02-04 13:57:13 --> Invalid file: "//saveteacher?status=success.php"
in SYSTEMPATH\Exceptions\FrameworkException.php on line 39.
 1 SYSTEMPATH\View\View.php(214): CodeIgniter\Exceptions\FrameworkException::forInvalidFile('//saveteacher?status=success.php')
 2 SYSTEMPATH\Common.php(1188): CodeIgniter\View\View->render('//saveteacher?status=success', [], true)
 3 APPPATH\Controllers\AdminController.php(87): view('//saveteacher?status=success', [...])
 4 SYSTEMPATH\CodeIgniter.php(919): App\Controllers\AdminController->save()
 5 SYSTEMPATH\CodeIgniter.php(494): CodeIgniter\CodeIgniter->runController(Object(App\Controllers\AdminController))
 6 SYSTEMPATH\CodeIgniter.php(353): CodeIgniter\CodeIgniter->handleRequest(null, Object(Config\Cache), false)
 7 FCPATH\index.php(79): CodeIgniter\CodeIgniter->run()
 8 SYSTEMPATH\Commands\Server\rewrite.php(47): require_once('C:\\laragon\\www\\pga\\public\\index.php')
CRITICAL - 2024-02-04 13:57:40 --> Invalid file: "/saveteacher?status=success.php"
in SYSTEMPATH\Exceptions\FrameworkException.php on line 39.
 1 SYSTEMPATH\View\View.php(214): CodeIgniter\Exceptions\FrameworkException::forInvalidFile('/saveteacher?status=success.php')
 2 SYSTEMPATH\Common.php(1188): CodeIgniter\View\View->render('/saveteacher?status=success', [], true)
 3 APPPATH\Controllers\AdminController.php(87): view('/saveteacher?status=success', [...])
 4 SYSTEMPATH\CodeIgniter.php(919): App\Controllers\AdminController->save()
 5 SYSTEMPATH\CodeIgniter.php(494): CodeIgniter\CodeIgniter->runController(Object(App\Controllers\AdminController))
 6 SYSTEMPATH\CodeIgniter.php(353): CodeIgniter\CodeIgniter->handleRequest(null, Object(Config\Cache), false)
 7 FCPATH\index.php(79): CodeIgniter\CodeIgniter->run()
 8 SYSTEMPATH\Commands\Server\rewrite.php(47): require_once('C:\\laragon\\www\\pga\\public\\index.php')
CRITICAL - 2024-02-04 14:19:04 --> Invalid file: "admin/cssJS/head.php"
in SYSTEMPATH\Exceptions\FrameworkException.php on line 39.
 1 SYSTEMPATH\View\View.php(214): CodeIgniter\Exceptions\FrameworkException::forInvalidFile('admin/cssJS/head.php')
 2 SYSTEMPATH\View\View.php(467): CodeIgniter\View\View->render('admin/cssJS/head', null, true)
 3 APPPATH\Views\student.php(1): CodeIgniter\View\View->include('admin/cssJS/head')
 4 SYSTEMPATH\View\View.php(226): include('C:\\laragon\\www\\pga\\app\\Views\\student.php')
 5 SYSTEMPATH\View\View.php(229): CodeIgniter\View\View->CodeIgniter\View\{closure}()
 6 SYSTEMPATH\Common.php(1188): CodeIgniter\View\View->render('student', [], true)
 7 APPPATH\Controllers\StudentController.php(20): view('student', [...])
 8 SYSTEMPATH\CodeIgniter.php(919): App\Controllers\StudentController->index()
 9 SYSTEMPATH\CodeIgniter.php(494): CodeIgniter\CodeIgniter->runController(Object(App\Controllers\StudentController))
10 SYSTEMPATH\CodeIgniter.php(353): CodeIgniter\CodeIgniter->handleRequest(null, Object(Config\Cache), false)
11 FCPATH\index.php(79): CodeIgniter\CodeIgniter->run()
12 SYSTEMPATH\Commands\Server\rewrite.php(47): require_once('C:\\laragon\\www\\pga\\public\\index.php')
CRITICAL - 2024-02-04 14:23:07 --> Invalid file: "admin/cssJS/head.php"
in SYSTEMPATH\Exceptions\FrameworkException.php on line 39.
 1 SYSTEMPATH\View\View.php(214): CodeIgniter\Exceptions\FrameworkException::forInvalidFile('admin/cssJS/head.php')
 2 SYSTEMPATH\View\View.php(467): CodeIgniter\View\View->render('admin/cssJS/head', null, true)
 3 APPPATH\Views\enrollment.php(1): CodeIgniter\View\View->include('admin/cssJS/head')
 4 SYSTEMPATH\View\View.php(226): include('C:\\laragon\\www\\pga\\app\\Views\\enrollment.php')
 5 SYSTEMPATH\View\View.php(229): CodeIgniter\View\View->CodeIgniter\View\{closure}()
 6 SYSTEMPATH\Common.php(1188): CodeIgniter\View\View->render('enrollment', [], true)
 7 APPPATH\Controllers\EnrollmentController.php(33): view('enrollment', [...])
 8 SYSTEMPATH\CodeIgniter.php(919): App\Controllers\EnrollmentController->addenroll()
 9 SYSTEMPATH\CodeIgniter.php(494): CodeIgniter\CodeIgniter->runController(Object(App\Controllers\EnrollmentController))
10 SYSTEMPATH\CodeIgniter.php(353): CodeIgniter\CodeIgniter->handleRequest(null, Object(Config\Cache), false)
11 FCPATH\index.php(79): CodeIgniter\CodeIgniter->run()
12 SYSTEMPATH\Commands\Server\rewrite.php(47): require_once('C:\\laragon\\www\\pga\\public\\index.php')
CRITICAL - 2024-02-04 14:25:48 --> Invalid file: "admin/cssJS/js.php"
in SYSTEMPATH\Exceptions\FrameworkException.php on line 39.
 1 SYSTEMPATH\View\View.php(214): CodeIgniter\Exceptions\FrameworkException::forInvalidFile('admin/cssJS/js.php')
 2 SYSTEMPATH\View\View.php(467): CodeIgniter\View\View->render('admin/cssJS/js', null, true)
 3 APPPATH\Views\enrollment.php(310): CodeIgniter\View\View->include('admin/cssJS/js')
 4 SYSTEMPATH\View\View.php(226): include('C:\\laragon\\www\\pga\\app\\Views\\enrollment.php')
 5 SYSTEMPATH\View\View.php(229): CodeIgniter\View\View->CodeIgniter\View\{closure}()
 6 SYSTEMPATH\Common.php(1188): CodeIgniter\View\View->render('enrollment', [], true)
 7 APPPATH\Controllers\EnrollmentController.php(33): view('enrollment', [...])
 8 SYSTEMPATH\CodeIgniter.php(919): App\Controllers\EnrollmentController->addenroll()
 9 SYSTEMPATH\CodeIgniter.php(494): CodeIgniter\CodeIgniter->runController(Object(App\Controllers\EnrollmentController))
10 SYSTEMPATH\CodeIgniter.php(353): CodeIgniter\CodeIgniter->handleRequest(null, Object(Config\Cache), false)
11 FCPATH\index.php(79): CodeIgniter\CodeIgniter->run()
12 SYSTEMPATH\Commands\Server\rewrite.php(47): require_once('C:\\laragon\\www\\pga\\public\\index.php')
CRITICAL - 2024-02-04 14:33:13 --> Undefined variable $enrollment
in APPPATH\Views\admin\index.php on line 143.
 1 APPPATH\Views\admin\index.php(143): CodeIgniter\Debug\Exceptions->errorHandler(2, 'Undefined variable $enrollment', 'C:\\laragon\\www\\pga\\app\\Views\\admin\\index.php', 143)
 2 SYSTEMPATH\View\View.php(226): include('C:\\laragon\\www\\pga\\app\\Views\\admin\\index.php')
 3 SYSTEMPATH\View\View.php(229): CodeIgniter\View\View->CodeIgniter\View\{closure}()
 4 SYSTEMPATH\Common.php(1188): CodeIgniter\View\View->render('admin/index', [], true)
 5 APPPATH\Controllers\AdminController.php(27): view('admin/index', [...])
 6 SYSTEMPATH\CodeIgniter.php(919): App\Controllers\AdminController->index()
 7 SYSTEMPATH\CodeIgniter.php(494): CodeIgniter\CodeIgniter->runController(Object(App\Controllers\AdminController))
 8 SYSTEMPATH\CodeIgniter.php(353): CodeIgniter\CodeIgniter->handleRequest(null, Object(Config\Cache), false)
 9 FCPATH\index.php(79): CodeIgniter\CodeIgniter->run()
10 SYSTEMPATH\Commands\Server\rewrite.php(47): require_once('C:\\laragon\\www\\pga\\public\\index.php')
CRITICAL - 2024-02-04 14:33:56 --> Undefined variable $enrollment
in APPPATH\Views\admin\index.php on line 143.
 1 APPPATH\Views\admin\index.php(143): CodeIgniter\Debug\Exceptions->errorHandler(2, 'Undefined variable $enrollment', 'C:\\laragon\\www\\pga\\app\\Views\\admin\\index.php', 143)
 2 SYSTEMPATH\View\View.php(226): include('C:\\laragon\\www\\pga\\app\\Views\\admin\\index.php')
 3 SYSTEMPATH\View\View.php(229): CodeIgniter\View\View->CodeIgniter\View\{closure}()
 4 SYSTEMPATH\Common.php(1188): CodeIgniter\View\View->render('admin/index', [], true)
 5 APPPATH\Controllers\AdminController.php(27): view('admin/index', [...])
 6 SYSTEMPATH\CodeIgniter.php(919): App\Controllers\AdminController->index()
 7 SYSTEMPATH\CodeIgniter.php(494): CodeIgniter\CodeIgniter->runController(Object(App\Controllers\AdminController))
 8 SYSTEMPATH\CodeIgniter.php(353): CodeIgniter\CodeIgniter->handleRequest(null, Object(Config\Cache), false)
 9 FCPATH\index.php(79): CodeIgniter\CodeIgniter->run()
10 SYSTEMPATH\Commands\Server\rewrite.php(47): require_once('C:\\laragon\\www\\pga\\public\\index.php')
CRITICAL - 2024-02-04 14:34:27 --> Undefined variable $teacher
in APPPATH\Views\admin\index.php on line 77.
 1 APPPATH\Views\admin\index.php(77): CodeIgniter\Debug\Exceptions->errorHandler(2, 'Undefined variable $teacher', 'C:\\laragon\\www\\pga\\app\\Views\\admin\\index.php', 77)
 2 SYSTEMPATH\View\View.php(226): include('C:\\laragon\\www\\pga\\app\\Views\\admin\\index.php')
 3 SYSTEMPATH\View\View.php(229): CodeIgniter\View\View->CodeIgniter\View\{closure}()
 4 SYSTEMPATH\Common.php(1188): CodeIgniter\View\View->render('admin/index', [], true)
 5 APPPATH\Controllers\AdminController.php(29): view('admin/index', [...])
 6 SYSTEMPATH\CodeIgniter.php(919): App\Controllers\AdminController->index()
 7 SYSTEMPATH\CodeIgniter.php(494): CodeIgniter\CodeIgniter->runController(Object(App\Controllers\AdminController))
 8 SYSTEMPATH\CodeIgniter.php(353): CodeIgniter\CodeIgniter->handleRequest(null, Object(Config\Cache), false)
 9 FCPATH\index.php(79): CodeIgniter\CodeIgniter->run()
10 SYSTEMPATH\Commands\Server\rewrite.php(47): require_once('C:\\laragon\\www\\pga\\public\\index.php')
CRITICAL - 2024-02-04 15:39:41 --> Class "App\Models\StudentMother" not found
in APPPATH\Controllers\EnrollmentController.php on line 22.
 1 SYSTEMPATH\CodeIgniter.php(891): App\Controllers\EnrollmentController->__construct()
 2 SYSTEMPATH\CodeIgniter.php(485): CodeIgniter\CodeIgniter->createController()
 3 SYSTEMPATH\CodeIgniter.php(353): CodeIgniter\CodeIgniter->handleRequest(null, Object(Config\Cache), false)
 4 FCPATH\index.php(79): CodeIgniter\CodeIgniter->run()
 5 SYSTEMPATH\Commands\Server\rewrite.php(47): require_once('C:\\laragon\\www\\pga\\public\\index.php')
CRITICAL - 2024-02-04 15:41:38 --> Invalid file: "admin/content/learner.php"
in SYSTEMPATH\Exceptions\FrameworkException.php on line 39.
 1 SYSTEMPATH\View\View.php(214): CodeIgniter\Exceptions\FrameworkException::forInvalidFile('admin/content/learner.php')
 2 SYSTEMPATH\View\View.php(467): CodeIgniter\View\View->render('admin/content/learner', null, true)
 3 APPPATH\Views\enrollment\index.php(37): CodeIgniter\View\View->include('admin/content/learner')
 4 SYSTEMPATH\View\View.php(226): include('C:\\laragon\\www\\pga\\app\\Views\\enrollment\\index.php')
 5 SYSTEMPATH\View\View.php(229): CodeIgniter\View\View->CodeIgniter\View\{closure}()
 6 SYSTEMPATH\Common.php(1188): CodeIgniter\View\View->render('enrollment/index', [], true)
 7 APPPATH\Controllers\EnrollmentController.php(42): view('enrollment/index', [...])
 8 SYSTEMPATH\CodeIgniter.php(919): App\Controllers\EnrollmentController->addenroll()
 9 SYSTEMPATH\CodeIgniter.php(494): CodeIgniter\CodeIgniter->runController(Object(App\Controllers\EnrollmentController))
10 SYSTEMPATH\CodeIgniter.php(353): CodeIgniter\CodeIgniter->handleRequest(null, Object(Config\Cache), false)
11 FCPATH\index.php(79): CodeIgniter\CodeIgniter->run()
12 SYSTEMPATH\Commands\Server\rewrite.php(47): require_once('C:\\laragon\\www\\pga\\public\\index.php')
CRITICAL - 2024-02-04 15:42:21 --> Undefined variable $teacher
in APPPATH\Views\enrollment\index.php on line 82.
 1 APPPATH\Views\enrollment\index.php(82): CodeIgniter\Debug\Exceptions->errorHandler(2, 'Undefined variable $teacher', 'C:\\laragon\\www\\pga\\app\\Views\\enrollment\\index.php', 82)
 2 SYSTEMPATH\View\View.php(226): include('C:\\laragon\\www\\pga\\app\\Views\\enrollment\\index.php')
 3 SYSTEMPATH\View\View.php(229): CodeIgniter\View\View->CodeIgniter\View\{closure}()
 4 SYSTEMPATH\Common.php(1188): CodeIgniter\View\View->render('enrollment/index', [], true)
 5 APPPATH\Controllers\EnrollmentController.php(42): view('enrollment/index', [...])
 6 SYSTEMPATH\CodeIgniter.php(919): App\Controllers\EnrollmentController->addenroll()
 7 SYSTEMPATH\CodeIgniter.php(494): CodeIgniter\CodeIgniter->runController(Object(App\Controllers\EnrollmentController))
 8 SYSTEMPATH\CodeIgniter.php(353): CodeIgniter\CodeIgniter->handleRequest(null, Object(Config\Cache), false)
 9 FCPATH\index.php(79): CodeIgniter\CodeIgniter->run()
10 SYSTEMPATH\Commands\Server\rewrite.php(47): require_once('C:\\laragon\\www\\pga\\public\\index.php')
CRITICAL - 2024-02-04 15:47:44 --> Undefined array key "id"
in APPPATH\Controllers\EnrollmentController.php on line 119.
 1 APPPATH\Controllers\EnrollmentController.php(119): CodeIgniter\Debug\Exceptions->errorHandler(2, 'Undefined array key "id"', 'C:\\laragon\\www\\pga\\app\\Controllers\\EnrollmentController.php', 119)
 2 SYSTEMPATH\CodeIgniter.php(919): App\Controllers\EnrollmentController->savefather()
 3 SYSTEMPATH\CodeIgniter.php(494): CodeIgniter\CodeIgniter->runController(Object(App\Controllers\EnrollmentController))
 4 SYSTEMPATH\CodeIgniter.php(353): CodeIgniter\CodeIgniter->handleRequest(null, Object(Config\Cache), false)
 5 FCPATH\index.php(79): CodeIgniter\CodeIgniter->run()
 6 SYSTEMPATH\Commands\Server\rewrite.php(47): require_once('C:\\laragon\\www\\pga\\public\\index.php')
CRITICAL - 2024-02-04 15:50:40 --> Undefined array key "id"
in APPPATH\Controllers\EnrollmentController.php on line 151.
 1 APPPATH\Controllers\EnrollmentController.php(151): CodeIgniter\Debug\Exceptions->errorHandler(2, 'Undefined array key "id"', 'C:\\laragon\\www\\pga\\app\\Controllers\\EnrollmentController.php', 151)
 2 SYSTEMPATH\CodeIgniter.php(919): App\Controllers\EnrollmentController->saveguardian()
 3 SYSTEMPATH\CodeIgniter.php(494): CodeIgniter\CodeIgniter->runController(Object(App\Controllers\EnrollmentController))
 4 SYSTEMPATH\CodeIgniter.php(353): CodeIgniter\CodeIgniter->handleRequest(null, Object(Config\Cache), false)
 5 FCPATH\index.php(79): CodeIgniter\CodeIgniter->run()
 6 SYSTEMPATH\Commands\Server\rewrite.php(47): require_once('C:\\laragon\\www\\pga\\public\\index.php')
CRITICAL - 2024-02-04 15:57:48 --> Undefined array key "id"
in APPPATH\Controllers\EnrollmentController.php on line 119.
 1 APPPATH\Controllers\EnrollmentController.php(119): CodeIgniter\Debug\Exceptions->errorHandler(2, 'Undefined array key "id"', 'C:\\laragon\\www\\pga\\app\\Controllers\\EnrollmentController.php', 119)
 2 SYSTEMPATH\CodeIgniter.php(919): App\Controllers\EnrollmentController->savefather()
 3 SYSTEMPATH\CodeIgniter.php(494): CodeIgniter\CodeIgniter->runController(Object(App\Controllers\EnrollmentController))
 4 SYSTEMPATH\CodeIgniter.php(353): CodeIgniter\CodeIgniter->handleRequest(null, Object(Config\Cache), false)
 5 FCPATH\index.php(79): CodeIgniter\CodeIgniter->run()
 6 SYSTEMPATH\Commands\Server\rewrite.php(47): require_once('C:\\laragon\\www\\pga\\public\\index.php')
CRITICAL - 2024-02-04 16:04:25 --> Class "App\Models\LearnerModel" not found
in APPPATH\Controllers\EnrollmentController.php on line 21.
 1 SYSTEMPATH\CodeIgniter.php(891): App\Controllers\EnrollmentController->__construct()
 2 SYSTEMPATH\CodeIgniter.php(485): CodeIgniter\CodeIgniter->createController()
 3 SYSTEMPATH\CodeIgniter.php(353): CodeIgniter\CodeIgniter->handleRequest(null, Object(Config\Cache), false)
 4 FCPATH\index.php(79): CodeIgniter\CodeIgniter->run()
 5 SYSTEMPATH\Commands\Server\rewrite.php(47): require_once('C:\\laragon\\www\\pga\\public\\index.php')
CRITICAL - 2024-02-04 16:04:53 --> Class "App\Models\StudentParents" not found
in APPPATH\Controllers\EnrollmentController.php on line 26.
 1 SYSTEMPATH\CodeIgniter.php(891): App\Controllers\EnrollmentController->__construct()
 2 SYSTEMPATH\CodeIgniter.php(485): CodeIgniter\CodeIgniter->createController()
 3 SYSTEMPATH\CodeIgniter.php(353): CodeIgniter\CodeIgniter->handleRequest(null, Object(Config\Cache), false)
 4 FCPATH\index.php(79): CodeIgniter\CodeIgniter->run()
 5 SYSTEMPATH\Commands\Server\rewrite.php(47): require_once('C:\\laragon\\www\\pga\\public\\index.php')
ERROR - 2024-02-04 16:05:17 --> mysqli_sql_exception: Table 'pga.learner' doesn't exist in C:\laragon\www\pga\system\Database\MySQLi\Connection.php:306
Stack trace:
#0 C:\laragon\www\pga\system\Database\MySQLi\Connection.php(306): mysqli->query('SELECT *\nFROM `...', 0)
#1 C:\laragon\www\pga\system\Database\BaseConnection.php(692): CodeIgniter\Database\MySQLi\Connection->execute('SELECT *\nFROM `...')
#2 C:\laragon\www\pga\system\Database\BaseConnection.php(606): CodeIgniter\Database\BaseConnection->simpleQuery('SELECT *\nFROM `...')
#3 C:\laragon\www\pga\system\Database\BaseBuilder.php(1615): CodeIgniter\Database\BaseConnection->query('SELECT *\nFROM `...', Array, false)
#4 C:\laragon\www\pga\system\Model.php(237): CodeIgniter\Database\BaseBuilder->get()
#5 C:\laragon\www\pga\system\BaseModel.php(624): CodeIgniter\Model->doFindAll(0, 0)
#6 C:\laragon\www\pga\app\Controllers\EnrollmentController.php(38): CodeIgniter\BaseModel->findAll()
#7 C:\laragon\www\pga\system\CodeIgniter.php(919): App\Controllers\EnrollmentController->addenroll()
#8 C:\laragon\www\pga\system\CodeIgniter.php(494): CodeIgniter\CodeIgniter->runController(Object(App\Controllers\EnrollmentController))
#9 C:\laragon\www\pga\system\CodeIgniter.php(353): CodeIgniter\CodeIgniter->handleRequest(NULL, Object(Config\Cache), false)
#10 C:\laragon\www\pga\public\index.php(79): CodeIgniter\CodeIgniter->run()
#11 C:\laragon\www\pga\system\Commands\Server\rewrite.php(47): require_once('C:\\laragon\\www\\...')
#12 {main}
CRITICAL - 2024-02-04 16:05:17 --> Table 'pga.learner' doesn't exist
in SYSTEMPATH\Database\BaseConnection.php on line 646.
 1 SYSTEMPATH\Database\BaseBuilder.php(1615): CodeIgniter\Database\BaseConnection->query('SELECT *
FROM `learner`', [], false)
 2 SYSTEMPATH\Model.php(237): CodeIgniter\Database\BaseBuilder->get()
 3 SYSTEMPATH\BaseModel.php(624): CodeIgniter\Model->doFindAll(0, 0)
 4 APPPATH\Controllers\EnrollmentController.php(38): CodeIgniter\BaseModel->findAll()
 5 SYSTEMPATH\CodeIgniter.php(919): App\Controllers\EnrollmentController->addenroll()
 6 SYSTEMPATH\CodeIgniter.php(494): CodeIgniter\CodeIgniter->runController(Object(App\Controllers\EnrollmentController))
 7 SYSTEMPATH\CodeIgniter.php(353): CodeIgniter\CodeIgniter->handleRequest(null, Object(Config\Cache), false)
 8 FCPATH\index.php(79): CodeIgniter\CodeIgniter->run()
 9 SYSTEMPATH\Commands\Server\rewrite.php(47): require_once('C:\\laragon\\www\\pga\\public\\index.php')
CRITICAL - 2024-02-04 16:39:30 --> Class "App\Models\EnrollmentModel" not found
in APPPATH\Controllers\AdminController.php on line 38.
 1 SYSTEMPATH\CodeIgniter.php(891): App\Controllers\AdminController->__construct()
 2 SYSTEMPATH\CodeIgniter.php(485): CodeIgniter\CodeIgniter->createController()
 3 SYSTEMPATH\CodeIgniter.php(353): CodeIgniter\CodeIgniter->handleRequest(null, Object(Config\Cache), false)
 4 FCPATH\index.php(79): CodeIgniter\CodeIgniter->run()
 5 SYSTEMPATH\Commands\Server\rewrite.php(47): require_once('C:\\laragon\\www\\pga\\public\\index.php')
CRITICAL - 2024-02-04 16:41:25 --> Class "App\Controllers\EnrollmentModel" not found
in APPPATH\Controllers\AdminController.php on line 38.
 1 SYSTEMPATH\CodeIgniter.php(891): App\Controllers\AdminController->__construct()
 2 SYSTEMPATH\CodeIgniter.php(485): CodeIgniter\CodeIgniter->createController()
 3 SYSTEMPATH\CodeIgniter.php(353): CodeIgniter\CodeIgniter->handleRequest(null, Object(Config\Cache), false)
 4 FCPATH\index.php(79): CodeIgniter\CodeIgniter->run()
 5 SYSTEMPATH\Commands\Server\rewrite.php(47): require_once('C:\\laragon\\www\\pga\\public\\index.php')
CRITICAL - 2024-02-04 16:41:41 --> Class "App\Models\StudentParents" not found
in APPPATH\Controllers\AdminController.php on line 39.
 1 SYSTEMPATH\CodeIgniter.php(891): App\Controllers\AdminController->__construct()
 2 SYSTEMPATH\CodeIgniter.php(485): CodeIgniter\CodeIgniter->createController()
 3 SYSTEMPATH\CodeIgniter.php(353): CodeIgniter\CodeIgniter->handleRequest(null, Object(Config\Cache), false)
 4 FCPATH\index.php(79): CodeIgniter\CodeIgniter->run()
 5 SYSTEMPATH\Commands\Server\rewrite.php(47): require_once('C:\\laragon\\www\\pga\\public\\index.php')
